==========================================
Quick Test - Randomized Algorithms
==========================================

🧪 Testing randomized algorithm: random_greedy_hybrid...
Found 1988 graph files
Running randomized algorithm (random_greedy_hybrid) on graphs with 4..5 vertices (8 graphs)

============================================================
BENCHMARKING 8 GRAPHS - RANDOMIZED ALGORITHM
============================================================

[1/8] graph_n4_d12.graphml
Benchmarking graph (randomized algorithm): 4 vertices, 0 edges (12.5% density)
  Running random_greedy_hybrid...   ✗ Error: MaxWeightCliqueSolver.random_greedy_hybrid() got an unexpected keyword argument 'time_limit'

[2/8] graph_n4_d25.graphml
Benchmarking graph (randomized algorithm): 4 vertices, 1 edges (12.5% density)
  Running random_greedy_hybrid...   ✗ Error: MaxWeightCliqueSolver.random_greedy_hybrid() got an unexpected keyword argument 'time_limit'

[3/8] graph_n4_d50.graphml
Benchmarking graph (randomized algorithm): 4 vertices, 3 edges (50.0% density)
  Running random_greedy_hybrid...   ✗ Error: MaxWeightCliqueSolver.random_greedy_hybrid() got an unexpected keyword argument 'time_limit'

[4/8] graph_n4_d75.graphml
Benchmarking graph (randomized algorithm): 4 vertices, 4 edges (75.0% density)
  Running random_greedy_hybrid...   ✗ Error: MaxWeightCliqueSolver.random_greedy_hybrid() got an unexpected keyword argument 'time_limit'

[5/8] graph_n5_d12.graphml
Benchmarking graph (randomized algorithm): 5 vertices, 1 edges (12.5% density)
  Running random_greedy_hybrid...   ✗ Error: MaxWeightCliqueSolver.random_greedy_hybrid() got an unexpected keyword argument 'time_limit'

[6/8] graph_n5_d25.graphml
Benchmarking graph (randomized algorithm): 5 vertices, 2 edges (25.0% density)
  Running random_greedy_hybrid...   ✗ Error: MaxWeightCliqueSolver.random_greedy_hybrid() got an unexpected keyword argument 'time_limit'

[7/8] graph_n5_d50.graphml
Benchmarking graph (randomized algorithm): 5 vertices, 5 edges (50.0% density)
  Running random_greedy_hybrid...   ✗ Error: MaxWeightCliqueSolver.random_greedy_hybrid() got an unexpected keyword argument 'time_limit'

[8/8] graph_n5_d75.graphml
Benchmarking graph (randomized algorithm): 5 vertices, 7 edges (75.0% density)
  Running random_greedy_hybrid...   ✗ Error: MaxWeightCliqueSolver.random_greedy_hybrid() got an unexpected keyword argument 'time_limit'

✓ Results saved to experiments/results_quick/random_greedy_hybrid/benchmark_results.csv
✓ Results saved to experiments/results_quick/random_greedy_hybrid/benchmark_results.json
✓ random_greedy_hybrid completed

🧪 Testing randomized algorithm: monte_carlo...
Found 1988 graph files
Running randomized algorithm (monte_carlo) on graphs with 4..5 vertices (8 graphs)

============================================================
BENCHMARKING 8 GRAPHS - RANDOMIZED ALGORITHM
============================================================

[1/8] graph_n4_d12.graphml
Benchmarking graph (randomized algorithm): 4 vertices, 0 edges (12.5% density)
  Running monte_carlo... ✓ (0.0049s)
  Time: 0.0049s

[2/8] graph_n4_d25.graphml
Benchmarking graph (randomized algorithm): 4 vertices, 1 edges (12.5% density)
  Running monte_carlo... ✓ (0.0041s)
  Time: 0.0041s

[3/8] graph_n4_d50.graphml
Benchmarking graph (randomized algorithm): 4 vertices, 3 edges (50.0% density)
  Running monte_carlo... ✓ (0.0046s)
  Time: 0.0046s

[4/8] graph_n4_d75.graphml
Benchmarking graph (randomized algorithm): 4 vertices, 4 edges (75.0% density)
  Running monte_carlo... ✓ (0.0044s)
  Time: 0.0044s

[5/8] graph_n5_d12.graphml
Benchmarking graph (randomized algorithm): 5 vertices, 1 edges (12.5% density)
  Running monte_carlo... ✓ (0.0049s)
  Time: 0.0049s

[6/8] graph_n5_d25.graphml
Benchmarking graph (randomized algorithm): 5 vertices, 2 edges (25.0% density)
  Running monte_carlo... ✓ (0.0051s)
  Time: 0.0051s

[7/8] graph_n5_d50.graphml
Benchmarking graph (randomized algorithm): 5 vertices, 5 edges (50.0% density)
  Running monte_carlo... ✓ (0.0051s)
  Time: 0.0051s

[8/8] graph_n5_d75.graphml
Benchmarking graph (randomized algorithm): 5 vertices, 7 edges (75.0% density)
  Running monte_carlo... ✓ (0.0052s)
  Time: 0.0052s

✓ Results saved to experiments/results_quick/monte_carlo/benchmark_results.csv
✓ Results saved to experiments/results_quick/monte_carlo/benchmark_results.json

============================================================
BENCHMARK SUMMARY
============================================================

Total graphs tested: 8
Average greedy precision: 0.00%
Average speedup: 0.00x

Largest graph: 5 vertices
  Exact time: 0.0000s
  Greedy time: 0.0000s
  Precision: 0.00%

Performance by edge density:
  12.5%: 0.00% precision (3 graphs)
  25.0%: 0.00% precision (1 graphs)
  50.0%: 0.00% precision (2 graphs)
  75.0%: 0.00% precision (2 graphs)
✓ monte_carlo completed

🧪 Testing randomized algorithm: las_vegas...
Found 1988 graph files
Running randomized algorithm (las_vegas) on graphs with 4..5 vertices (8 graphs)

============================================================
BENCHMARKING 8 GRAPHS - RANDOMIZED ALGORITHM
============================================================

[1/8] graph_n4_d12.graphml
Benchmarking graph (randomized algorithm): 4 vertices, 0 edges (12.5% density)
  Running las_vegas... ✓ (0.0243s)
  Time: 0.0243s

[2/8] graph_n4_d25.graphml
Benchmarking graph (randomized algorithm): 4 vertices, 1 edges (12.5% density)
  Running las_vegas... ✓ (0.0246s)
  Time: 0.0246s

[3/8] graph_n4_d50.graphml
Benchmarking graph (randomized algorithm): 4 vertices, 3 edges (50.0% density)
  Running las_vegas... ✓ (0.0410s)
  Time: 0.0410s

[4/8] graph_n4_d75.graphml
Benchmarking graph (randomized algorithm): 4 vertices, 4 edges (75.0% density)
  Running las_vegas... ✓ (0.0405s)
  Time: 0.0405s

[5/8] graph_n5_d12.graphml
Benchmarking graph (randomized algorithm): 5 vertices, 1 edges (12.5% density)
  Running las_vegas... ✓ (0.0421s)
  Time: 0.0421s

[6/8] graph_n5_d25.graphml
Benchmarking graph (randomized algorithm): 5 vertices, 2 edges (25.0% density)
  Running las_vegas... ✓ (0.0451s)
  Time: 0.0451s

[7/8] graph_n5_d50.graphml
Benchmarking graph (randomized algorithm): 5 vertices, 5 edges (50.0% density)
  Running las_vegas... ✓ (0.0610s)
  Time: 0.0610s

[8/8] graph_n5_d75.graphml
Benchmarking graph (randomized algorithm): 5 vertices, 7 edges (75.0% density)
  Running las_vegas... ✓ (0.0870s)
  Time: 0.0870s

✓ Results saved to experiments/results_quick/las_vegas/benchmark_results.csv
✓ Results saved to experiments/results_quick/las_vegas/benchmark_results.json

============================================================
BENCHMARK SUMMARY
============================================================

Total graphs tested: 8
Average greedy precision: 0.00%
Average speedup: 0.00x

Largest graph: 5 vertices
  Exact time: 0.0000s
  Greedy time: 0.0000s
  Precision: 0.00%

Performance by edge density:
  12.5%: 0.00% precision (3 graphs)
  25.0%: 0.00% precision (1 graphs)
  50.0%: 0.00% precision (2 graphs)
  75.0%: 0.00% precision (2 graphs)
✓ las_vegas completed

🧪 Testing reduction algorithm: mwc_redu...
Found 1988 graph files
Running reduction algorithm (mwc_redu) on graphs with 7..10 vertices (16 graphs)

============================================================
BENCHMARKING 16 GRAPHS - REDUCTION/EXACT ALGORITHM
============================================================

[1/16] graph_n10_d12.graphml
Benchmarking graph (reduction/exact algorithm): 10 vertices, 5 edges (12.5% density)
  Running mwc_redu...   ✗ Error: The node 3 is not in the graph.

[2/16] graph_n10_d25.graphml
Benchmarking graph (reduction/exact algorithm): 10 vertices, 11 edges (25.0% density)
  Running mwc_redu...   ✗ Error: The node 2 is not in the graph.

[3/16] graph_n10_d50.graphml
Benchmarking graph (reduction/exact algorithm): 10 vertices, 22 edges (50.0% density)
  Running mwc_redu...   ✗ Error: The node 9 is not in the graph.

[4/16] graph_n10_d75.graphml
Benchmarking graph (reduction/exact algorithm): 10 vertices, 33 edges (75.0% density)
  Running mwc_redu...   ✗ Error: The node 6 is not in the graph.

[5/16] graph_n7_d12.graphml
Benchmarking graph (reduction/exact algorithm): 7 vertices, 2 edges (12.5% density)
  Running mwc_redu...   ✗ Error: The node 6 is not in the graph.

[6/16] graph_n7_d25.graphml
Benchmarking graph (reduction/exact algorithm): 7 vertices, 5 edges (25.0% density)
  Running mwc_redu...   ✗ Error: The node 1 is not in the graph.

[7/16] graph_n7_d50.graphml
Benchmarking graph (reduction/exact algorithm): 7 vertices, 10 edges (50.0% density)
  Running mwc_redu...   ✗ Error: The node 2 is not in the graph.

[8/16] graph_n7_d75.graphml
Benchmarking graph (reduction/exact algorithm): 7 vertices, 15 edges (75.0% density)
  Running mwc_redu...   ✗ Error: The node 3 is not in the graph.

[9/16] graph_n8_d12.graphml
Benchmarking graph (reduction/exact algorithm): 8 vertices, 3 edges (12.5% density)
  Running mwc_redu...   ✗ Error: The node 1 is not in the graph.

[10/16] graph_n8_d25.graphml
Benchmarking graph (reduction/exact algorithm): 8 vertices, 7 edges (25.0% density)
  Running mwc_redu...   ✗ Error: The node 4 is not in the graph.

[11/16] graph_n8_d50.graphml
Benchmarking graph (reduction/exact algorithm): 8 vertices, 14 edges (50.0% density)
  Running mwc_redu...   ✗ Error: The node 4 is not in the graph.

[12/16] graph_n8_d75.graphml
Benchmarking graph (reduction/exact algorithm): 8 vertices, 21 edges (75.0% density)
  Running mwc_redu...   ✗ Error: The node 3 is not in the graph.

[13/16] graph_n9_d12.graphml
Benchmarking graph (reduction/exact algorithm): 9 vertices, 4 edges (12.5% density)
  Running mwc_redu...   ✗ Error: The node 1 is not in the graph.

[14/16] graph_n9_d25.graphml
Benchmarking graph (reduction/exact algorithm): 9 vertices, 9 edges (25.0% density)
  Running mwc_redu...   ✗ Error: The node 1 is not in the graph.

[15/16] graph_n9_d50.graphml
Benchmarking graph (reduction/exact algorithm): 9 vertices, 18 edges (50.0% density)
  Running mwc_redu... ✓ (0.0002s)
  Time: 0.0002s

[16/16] graph_n9_d75.graphml
Benchmarking graph (reduction/exact algorithm): 9 vertices, 27 edges (75.0% density)
  Running mwc_redu...   ✗ Error: The node 8 is not in the graph.

✓ Results saved to experiments/results_quick/mwc_redu/benchmark_results.csv
✓ Results saved to experiments/results_quick/mwc_redu/benchmark_results.json

============================================================
BENCHMARK SUMMARY
============================================================

Total graphs tested: 1
Average greedy precision: 0.00%
Average speedup: 0.00x

Largest graph: 9 vertices
  Exact time: 0.0000s
  Greedy time: 0.0000s
  Precision: 0.00%

Performance by edge density:
  50.0%: 0.00% precision (1 graphs)
✓ mwc_redu completed

🧪 Testing reduction algorithm: max_clique_weight...
Found 1988 graph files
Running reduction algorithm (max_clique_weight) on graphs with 7..10 vertices (16 graphs)

============================================================
BENCHMARKING 16 GRAPHS - REDUCTION/EXACT ALGORITHM
============================================================

[1/16] graph_n10_d12.graphml
Benchmarking graph (reduction/exact algorithm): 10 vertices, 5 edges (12.5% density)
  Running max_clique_weight... ✓ (0.0001s)
  Time: 0.0001s

[2/16] graph_n10_d25.graphml
Benchmarking graph (reduction/exact algorithm): 10 vertices, 11 edges (25.0% density)
  Running max_clique_weight... ✓ (0.0001s)
  Time: 0.0001s

[3/16] graph_n10_d50.graphml
Benchmarking graph (reduction/exact algorithm): 10 vertices, 22 edges (50.0% density)
  Running max_clique_weight... ✓ (0.0001s)
  Time: 0.0001s

[4/16] graph_n10_d75.graphml
Benchmarking graph (reduction/exact algorithm): 10 vertices, 33 edges (75.0% density)
  Running max_clique_weight... ✓ (0.0001s)
  Time: 0.0001s

[5/16] graph_n7_d12.graphml
Benchmarking graph (reduction/exact algorithm): 7 vertices, 2 edges (12.5% density)
  Running max_clique_weight... ✓ (0.0000s)
  Time: 0.0000s

[6/16] graph_n7_d25.graphml
Benchmarking graph (reduction/exact algorithm): 7 vertices, 5 edges (25.0% density)
  Running max_clique_weight... ✓ (0.0000s)
  Time: 0.0000s

[7/16] graph_n7_d50.graphml
Benchmarking graph (reduction/exact algorithm): 7 vertices, 10 edges (50.0% density)
  Running max_clique_weight... ✓ (0.0001s)
  Time: 0.0001s

[8/16] graph_n7_d75.graphml
Benchmarking graph (reduction/exact algorithm): 7 vertices, 15 edges (75.0% density)
  Running max_clique_weight... ✓ (0.0001s)
  Time: 0.0001s

[9/16] graph_n8_d12.graphml
Benchmarking graph (reduction/exact algorithm): 8 vertices, 3 edges (12.5% density)
  Running max_clique_weight... ✓ (0.0000s)
  Time: 0.0000s

[10/16] graph_n8_d25.graphml
Benchmarking graph (reduction/exact algorithm): 8 vertices, 7 edges (25.0% density)
  Running max_clique_weight... ✓ (0.0000s)
  Time: 0.0000s

[11/16] graph_n8_d50.graphml
Benchmarking graph (reduction/exact algorithm): 8 vertices, 14 edges (50.0% density)
  Running max_clique_weight... ✓ (0.0001s)
  Time: 0.0001s

[12/16] graph_n8_d75.graphml
Benchmarking graph (reduction/exact algorithm): 8 vertices, 21 edges (75.0% density)
  Running max_clique_weight... ✓ (0.0001s)
  Time: 0.0001s

[13/16] graph_n9_d12.graphml
Benchmarking graph (reduction/exact algorithm): 9 vertices, 4 edges (12.5% density)
  Running max_clique_weight... ✓ (0.0000s)
  Time: 0.0000s

[14/16] graph_n9_d25.graphml
Benchmarking graph (reduction/exact algorithm): 9 vertices, 9 edges (25.0% density)
  Running max_clique_weight... ✓ (0.0001s)
  Time: 0.0001s

[15/16] graph_n9_d50.graphml
Benchmarking graph (reduction/exact algorithm): 9 vertices, 18 edges (50.0% density)
  Running max_clique_weight... ✓ (0.0001s)
  Time: 0.0001s

[16/16] graph_n9_d75.graphml
Benchmarking graph (reduction/exact algorithm): 9 vertices, 27 edges (75.0% density)
  Running max_clique_weight... ✓ (0.0001s)
  Time: 0.0001s

✓ Results saved to experiments/results_quick/max_clique_weight/benchmark_results.csv
✓ Results saved to experiments/results_quick/max_clique_weight/benchmark_results.json

============================================================
BENCHMARK SUMMARY
============================================================

Total graphs tested: 16
Average greedy precision: 0.00%
Average speedup: 0.00x

Largest graph: 10 vertices
  Exact time: 0.0000s
  Greedy time: 0.0000s
  Precision: 0.00%

Performance by edge density:
  12.5%: 0.00% precision (4 graphs)
  25.0%: 0.00% precision (4 graphs)
  50.0%: 0.00% precision (4 graphs)
  75.0%: 0.00% precision (4 graphs)
✓ max_clique_weight completed

🧪 Testing reduction algorithm: max_clique_dyn_weight...
Found 1988 graph files
Running reduction algorithm (max_clique_dyn_weight) on graphs with 7..10 vertices (16 graphs)

============================================================
BENCHMARKING 16 GRAPHS - REDUCTION/EXACT ALGORITHM
============================================================

[1/16] graph_n10_d12.graphml
Benchmarking graph (reduction/exact algorithm): 10 vertices, 5 edges (12.5% density)
  Running max_clique_dyn_weight... ✓ (0.0001s)
  Time: 0.0001s

[2/16] graph_n10_d25.graphml
Benchmarking graph (reduction/exact algorithm): 10 vertices, 11 edges (25.0% density)
  Running max_clique_dyn_weight... ✓ (0.0001s)
  Time: 0.0001s

[3/16] graph_n10_d50.graphml
Benchmarking graph (reduction/exact algorithm): 10 vertices, 22 edges (50.0% density)
  Running max_clique_dyn_weight... ✓ (0.0002s)
  Time: 0.0002s

[4/16] graph_n10_d75.graphml
Benchmarking graph (reduction/exact algorithm): 10 vertices, 33 edges (75.0% density)
  Running max_clique_dyn_weight... ✓ (0.0002s)
  Time: 0.0002s

[5/16] graph_n7_d12.graphml
Benchmarking graph (reduction/exact algorithm): 7 vertices, 2 edges (12.5% density)
  Running max_clique_dyn_weight... ✓ (0.0001s)
  Time: 0.0001s

[6/16] graph_n7_d25.graphml
Benchmarking graph (reduction/exact algorithm): 7 vertices, 5 edges (25.0% density)
  Running max_clique_dyn_weight... ✓ (0.0001s)
  Time: 0.0001s

[7/16] graph_n7_d50.graphml
Benchmarking graph (reduction/exact algorithm): 7 vertices, 10 edges (50.0% density)
  Running max_clique_dyn_weight... ✓ (0.0001s)
  Time: 0.0001s

[8/16] graph_n7_d75.graphml
Benchmarking graph (reduction/exact algorithm): 7 vertices, 15 edges (75.0% density)
  Running max_clique_dyn_weight... ✓ (0.0001s)
  Time: 0.0001s

[9/16] graph_n8_d12.graphml
Benchmarking graph (reduction/exact algorithm): 8 vertices, 3 edges (12.5% density)
  Running max_clique_dyn_weight... ✓ (0.0001s)
  Time: 0.0001s

[10/16] graph_n8_d25.graphml
Benchmarking graph (reduction/exact algorithm): 8 vertices, 7 edges (25.0% density)
  Running max_clique_dyn_weight... ✓ (0.0001s)
  Time: 0.0001s

[11/16] graph_n8_d50.graphml
Benchmarking graph (reduction/exact algorithm): 8 vertices, 14 edges (50.0% density)
  Running max_clique_dyn_weight... ✓ (0.0001s)
  Time: 0.0001s

[12/16] graph_n8_d75.graphml
Benchmarking graph (reduction/exact algorithm): 8 vertices, 21 edges (75.0% density)
  Running max_clique_dyn_weight... ✓ (0.0002s)
  Time: 0.0002s

[13/16] graph_n9_d12.graphml
Benchmarking graph (reduction/exact algorithm): 9 vertices, 4 edges (12.5% density)
  Running max_clique_dyn_weight... ✓ (0.0001s)
  Time: 0.0001s

[14/16] graph_n9_d25.graphml
Benchmarking graph (reduction/exact algorithm): 9 vertices, 9 edges (25.0% density)
  Running max_clique_dyn_weight... ✓ (0.0001s)
  Time: 0.0001s

[15/16] graph_n9_d50.graphml
Benchmarking graph (reduction/exact algorithm): 9 vertices, 18 edges (50.0% density)
  Running max_clique_dyn_weight... ✓ (0.0001s)
  Time: 0.0001s

[16/16] graph_n9_d75.graphml
Benchmarking graph (reduction/exact algorithm): 9 vertices, 27 edges (75.0% density)
  Running max_clique_dyn_weight... ✓ (0.0002s)
  Time: 0.0002s

✓ Results saved to experiments/results_quick/max_clique_dyn_weight/benchmark_results.csv
✓ Results saved to experiments/results_quick/max_clique_dyn_weight/benchmark_results.json

============================================================
BENCHMARK SUMMARY
============================================================

Total graphs tested: 16
Average greedy precision: 0.00%
Average speedup: 0.00x

Largest graph: 10 vertices
  Exact time: 0.0000s
  Greedy time: 0.0000s
  Precision: 0.00%

Performance by edge density:
  12.5%: 0.00% precision (4 graphs)
  25.0%: 0.00% precision (4 graphs)
  50.0%: 0.00% precision (4 graphs)
  75.0%: 0.00% precision (4 graphs)
✓ max_clique_dyn_weight completed

==========================================
✅ Quick test completed!
Results saved to: experiments/results_quick
==========================================
