Experiment run started at Sat Nov 29 13:57:54 WET 2025
Seed: 112974
Mode: FULL


[0;34mâ”â”â”â”â”â”â”â”â”â”â”â”â”â”â”â”â”â”â”â”â”â”â”â”â”â”â”â”â”â”â”â”â”â”â”â”â”â”â”â”â”â”â”â”â”â”â”â”â”â”â”â”â”â”â”â”â”â”â”â”[0m
[0;34mâ–¶[0m Checking Prerequisites
[0;34mâ”â”â”â”â”â”â”â”â”â”â”â”â”â”â”â”â”â”â”â”â”â”â”â”â”â”â”â”â”â”â”â”â”â”â”â”â”â”â”â”â”â”â”â”â”â”â”â”â”â”â”â”â”â”â”â”â”â”â”â”[0m

[0;32m[âœ“][0m uv found: uv 0.9.8
[0;32m[âœ“][0m Python found
[0;32m[âœ“][0m Project structure verified

[0;36mâ•”â•â•â•â•â•â•â•â•â•â•â•â•â•â•â•â•â•â•â•â•â•â•â•â•â•â•â•â•â•â•â•â•â•â•â•â•â•â•â•â•â•â•â•â•â•â•â•â•â•â•â•â•â•â•â•â•â•â•â•â•â•—[0m
[0;36mâ•‘[0m [0;35mSCALABILITY TESTS (50..100 vertices)[0m
[0;36mâ•šâ•â•â•â•â•â•â•â•â•â•â•â•â•â•â•â•â•â•â•â•â•â•â•â•â•â•â•â•â•â•â•â•â•â•â•â•â•â•â•â•â•â•â•â•â•â•â•â•â•â•â•â•â•â•â•â•â•â•â•â•â•[0m

[0;34m[INFO][0m Running algorithms (except exhaustive) on graphs with 50..100 vertices

[0;34mâ”â”â”â”â”â”â”â”â”â”â”â”â”â”â”â”â”â”â”â”â”â”â”â”â”â”â”â”â”â”â”â”â”â”â”â”â”â”â”â”â”â”â”â”â”â”â”â”â”â”â”â”â”â”â”â”â”â”â”â”[0m
[0;34mâ–¶[0m Testing greedy (scalability)
[0;34mâ”â”â”â”â”â”â”â”â”â”â”â”â”â”â”â”â”â”â”â”â”â”â”â”â”â”â”â”â”â”â”â”â”â”â”â”â”â”â”â”â”â”â”â”â”â”â”â”â”â”â”â”â”â”â”â”â”â”â”â”[0m

[0;36m[â†’][0m Running greedy (50..100 vertices)...
Error: No graph files found matching vertex range. Range: 50..100
Filtered to 0 of 12 graphs (50..100 vertices)
[0;32m[âœ“][0m greedy scalability test completed

[0;34mâ”â”â”â”â”â”â”â”â”â”â”â”â”â”â”â”â”â”â”â”â”â”â”â”â”â”â”â”â”â”â”â”â”â”â”â”â”â”â”â”â”â”â”â”â”â”â”â”â”â”â”â”â”â”â”â”â”â”â”â”[0m
[0;34mâ–¶[0m Testing random_construction (scalability)
[0;34mâ”â”â”â”â”â”â”â”â”â”â”â”â”â”â”â”â”â”â”â”â”â”â”â”â”â”â”â”â”â”â”â”â”â”â”â”â”â”â”â”â”â”â”â”â”â”â”â”â”â”â”â”â”â”â”â”â”â”â”â”[0m

[0;36m[â†’][0m Running random_construction (50..100 vertices)...
Error: No graph files found matching vertex range. Range: 50..100
Filtered to 0 of 12 graphs (50..100 vertices)
[0;32m[âœ“][0m random_construction scalability test completed

[0;34mâ”â”â”â”â”â”â”â”â”â”â”â”â”â”â”â”â”â”â”â”â”â”â”â”â”â”â”â”â”â”â”â”â”â”â”â”â”â”â”â”â”â”â”â”â”â”â”â”â”â”â”â”â”â”â”â”â”â”â”â”[0m
[0;34mâ–¶[0m Testing random_greedy_hybrid (scalability)
[0;34mâ”â”â”â”â”â”â”â”â”â”â”â”â”â”â”â”â”â”â”â”â”â”â”â”â”â”â”â”â”â”â”â”â”â”â”â”â”â”â”â”â”â”â”â”â”â”â”â”â”â”â”â”â”â”â”â”â”â”â”â”[0m

[0;36m[â†’][0m Running random_greedy_hybrid (50..100 vertices)...
Error: No graph files found matching vertex range. Range: 50..100
Filtered to 0 of 12 graphs (50..100 vertices)
[0;32m[âœ“][0m random_greedy_hybrid scalability test completed

[0;34mâ”â”â”â”â”â”â”â”â”â”â”â”â”â”â”â”â”â”â”â”â”â”â”â”â”â”â”â”â”â”â”â”â”â”â”â”â”â”â”â”â”â”â”â”â”â”â”â”â”â”â”â”â”â”â”â”â”â”â”â”[0m
[0;34mâ–¶[0m Testing iterative_random_search (scalability)
[0;34mâ”â”â”â”â”â”â”â”â”â”â”â”â”â”â”â”â”â”â”â”â”â”â”â”â”â”â”â”â”â”â”â”â”â”â”â”â”â”â”â”â”â”â”â”â”â”â”â”â”â”â”â”â”â”â”â”â”â”â”â”[0m

[0;36m[â†’][0m Running iterative_random_search (50..100 vertices)...
Error: No graph files found matching vertex range. Range: 50..100
Filtered to 0 of 12 graphs (50..100 vertices)
[0;32m[âœ“][0m iterative_random_search scalability test completed

[0;34mâ”â”â”â”â”â”â”â”â”â”â”â”â”â”â”â”â”â”â”â”â”â”â”â”â”â”â”â”â”â”â”â”â”â”â”â”â”â”â”â”â”â”â”â”â”â”â”â”â”â”â”â”â”â”â”â”â”â”â”â”[0m
[0;34mâ–¶[0m Testing monte_carlo (scalability)
[0;34mâ”â”â”â”â”â”â”â”â”â”â”â”â”â”â”â”â”â”â”â”â”â”â”â”â”â”â”â”â”â”â”â”â”â”â”â”â”â”â”â”â”â”â”â”â”â”â”â”â”â”â”â”â”â”â”â”â”â”â”â”[0m

[0;36m[â†’][0m Running monte_carlo (50..100 vertices)...
Error: No graph files found matching vertex range. Range: 50..100
Filtered to 0 of 12 graphs (50..100 vertices)
[0;32m[âœ“][0m monte_carlo scalability test completed

[0;34mâ”â”â”â”â”â”â”â”â”â”â”â”â”â”â”â”â”â”â”â”â”â”â”â”â”â”â”â”â”â”â”â”â”â”â”â”â”â”â”â”â”â”â”â”â”â”â”â”â”â”â”â”â”â”â”â”â”â”â”â”[0m
[0;34mâ–¶[0m Testing las_vegas (scalability)
[0;34mâ”â”â”â”â”â”â”â”â”â”â”â”â”â”â”â”â”â”â”â”â”â”â”â”â”â”â”â”â”â”â”â”â”â”â”â”â”â”â”â”â”â”â”â”â”â”â”â”â”â”â”â”â”â”â”â”â”â”â”â”[0m

[0;36m[â†’][0m Running las_vegas (50..100 vertices)...
Error: No graph files found matching vertex range. Range: 50..100
Filtered to 0 of 12 graphs (50..100 vertices)
[0;32m[âœ“][0m las_vegas scalability test completed

[0;34mâ”â”â”â”â”â”â”â”â”â”â”â”â”â”â”â”â”â”â”â”â”â”â”â”â”â”â”â”â”â”â”â”â”â”â”â”â”â”â”â”â”â”â”â”â”â”â”â”â”â”â”â”â”â”â”â”â”â”â”â”[0m
[0;34mâ–¶[0m Testing mwc_redu (scalability)
[0;34mâ”â”â”â”â”â”â”â”â”â”â”â”â”â”â”â”â”â”â”â”â”â”â”â”â”â”â”â”â”â”â”â”â”â”â”â”â”â”â”â”â”â”â”â”â”â”â”â”â”â”â”â”â”â”â”â”â”â”â”â”[0m

[0;36m[â†’][0m Running mwc_redu (50..100 vertices)...
Error: No graph files found matching vertex range. Range: 50..100
Filtered to 0 of 12 graphs (50..100 vertices)
[0;32m[âœ“][0m mwc_redu scalability test completed

[0;34mâ”â”â”â”â”â”â”â”â”â”â”â”â”â”â”â”â”â”â”â”â”â”â”â”â”â”â”â”â”â”â”â”â”â”â”â”â”â”â”â”â”â”â”â”â”â”â”â”â”â”â”â”â”â”â”â”â”â”â”â”[0m
[0;34mâ–¶[0m Testing max_clique_weight (scalability)
[0;34mâ”â”â”â”â”â”â”â”â”â”â”â”â”â”â”â”â”â”â”â”â”â”â”â”â”â”â”â”â”â”â”â”â”â”â”â”â”â”â”â”â”â”â”â”â”â”â”â”â”â”â”â”â”â”â”â”â”â”â”â”[0m

[0;36m[â†’][0m Running max_clique_weight (50..100 vertices)...
Error: No graph files found matching vertex range. Range: 50..100
Filtered to 0 of 12 graphs (50..100 vertices)
[0;32m[âœ“][0m max_clique_weight scalability test completed

[0;34mâ”â”â”â”â”â”â”â”â”â”â”â”â”â”â”â”â”â”â”â”â”â”â”â”â”â”â”â”â”â”â”â”â”â”â”â”â”â”â”â”â”â”â”â”â”â”â”â”â”â”â”â”â”â”â”â”â”â”â”â”[0m
[0;34mâ–¶[0m Testing max_clique_dyn_weight (scalability)
[0;34mâ”â”â”â”â”â”â”â”â”â”â”â”â”â”â”â”â”â”â”â”â”â”â”â”â”â”â”â”â”â”â”â”â”â”â”â”â”â”â”â”â”â”â”â”â”â”â”â”â”â”â”â”â”â”â”â”â”â”â”â”[0m

[0;36m[â†’][0m Running max_clique_dyn_weight (50..100 vertices)...
Error: No graph files found matching vertex range. Range: 50..100
Filtered to 0 of 12 graphs (50..100 vertices)
[0;32m[âœ“][0m max_clique_dyn_weight scalability test completed

[0;34mâ”â”â”â”â”â”â”â”â”â”â”â”â”â”â”â”â”â”â”â”â”â”â”â”â”â”â”â”â”â”â”â”â”â”â”â”â”â”â”â”â”â”â”â”â”â”â”â”â”â”â”â”â”â”â”â”â”â”â”â”[0m
[0;34mâ–¶[0m Testing wlmc (scalability)
[0;34mâ”â”â”â”â”â”â”â”â”â”â”â”â”â”â”â”â”â”â”â”â”â”â”â”â”â”â”â”â”â”â”â”â”â”â”â”â”â”â”â”â”â”â”â”â”â”â”â”â”â”â”â”â”â”â”â”â”â”â”â”[0m

[0;36m[â†’][0m Running wlmc (50..100 vertices)...
Error: No graph files found matching vertex range. Range: 50..100
Filtered to 0 of 12 graphs (50..100 vertices)
[0;32m[âœ“][0m wlmc scalability test completed

[0;34mâ”â”â”â”â”â”â”â”â”â”â”â”â”â”â”â”â”â”â”â”â”â”â”â”â”â”â”â”â”â”â”â”â”â”â”â”â”â”â”â”â”â”â”â”â”â”â”â”â”â”â”â”â”â”â”â”â”â”â”â”[0m
[0;34mâ–¶[0m Testing tsm_mwc (scalability)
[0;34mâ”â”â”â”â”â”â”â”â”â”â”â”â”â”â”â”â”â”â”â”â”â”â”â”â”â”â”â”â”â”â”â”â”â”â”â”â”â”â”â”â”â”â”â”â”â”â”â”â”â”â”â”â”â”â”â”â”â”â”â”[0m

[0;36m[â†’][0m Running tsm_mwc (50..100 vertices)...
Error: No graph files found matching vertex range. Range: 50..100
Filtered to 0 of 12 graphs (50..100 vertices)
[0;32m[âœ“][0m tsm_mwc scalability test completed

[0;34mâ”â”â”â”â”â”â”â”â”â”â”â”â”â”â”â”â”â”â”â”â”â”â”â”â”â”â”â”â”â”â”â”â”â”â”â”â”â”â”â”â”â”â”â”â”â”â”â”â”â”â”â”â”â”â”â”â”â”â”â”[0m
[0;34mâ–¶[0m Testing fast_wclq (scalability)
[0;34mâ”â”â”â”â”â”â”â”â”â”â”â”â”â”â”â”â”â”â”â”â”â”â”â”â”â”â”â”â”â”â”â”â”â”â”â”â”â”â”â”â”â”â”â”â”â”â”â”â”â”â”â”â”â”â”â”â”â”â”â”[0m

[0;36m[â†’][0m Running fast_wclq (50..100 vertices)...
Error: No graph files found matching vertex range. Range: 50..100
Filtered to 0 of 12 graphs (50..100 vertices)
[0;32m[âœ“][0m fast_wclq scalability test completed

[0;34mâ”â”â”â”â”â”â”â”â”â”â”â”â”â”â”â”â”â”â”â”â”â”â”â”â”â”â”â”â”â”â”â”â”â”â”â”â”â”â”â”â”â”â”â”â”â”â”â”â”â”â”â”â”â”â”â”â”â”â”â”[0m
[0;34mâ–¶[0m Testing scc_walk (scalability)
[0;34mâ”â”â”â”â”â”â”â”â”â”â”â”â”â”â”â”â”â”â”â”â”â”â”â”â”â”â”â”â”â”â”â”â”â”â”â”â”â”â”â”â”â”â”â”â”â”â”â”â”â”â”â”â”â”â”â”â”â”â”â”[0m

[0;36m[â†’][0m Running scc_walk (50..100 vertices)...
Error: No graph files found matching vertex range. Range: 50..100
Filtered to 0 of 12 graphs (50..100 vertices)
[0;32m[âœ“][0m scc_walk scalability test completed

[0;34mâ”â”â”â”â”â”â”â”â”â”â”â”â”â”â”â”â”â”â”â”â”â”â”â”â”â”â”â”â”â”â”â”â”â”â”â”â”â”â”â”â”â”â”â”â”â”â”â”â”â”â”â”â”â”â”â”â”â”â”â”[0m
[0;34mâ–¶[0m Testing mwc_peel (scalability)
[0;34mâ”â”â”â”â”â”â”â”â”â”â”â”â”â”â”â”â”â”â”â”â”â”â”â”â”â”â”â”â”â”â”â”â”â”â”â”â”â”â”â”â”â”â”â”â”â”â”â”â”â”â”â”â”â”â”â”â”â”â”â”[0m

[0;36m[â†’][0m Running mwc_peel (50..100 vertices)...
Error: No graph files found matching vertex range. Range: 50..100
Filtered to 0 of 12 graphs (50..100 vertices)
[0;32m[âœ“][0m mwc_peel scalability test completed
[0;32m[âœ“][0m Scalability tests completed for all 14 algorithms

[0;34mâ”â”â”â”â”â”â”â”â”â”â”â”â”â”â”â”â”â”â”â”â”â”â”â”â”â”â”â”â”â”â”â”â”â”â”â”â”â”â”â”â”â”â”â”â”â”â”â”â”â”â”â”â”â”â”â”â”â”â”â”[0m
[0;34mâ–¶[0m Generating Visualizations
[0;34mâ”â”â”â”â”â”â”â”â”â”â”â”â”â”â”â”â”â”â”â”â”â”â”â”â”â”â”â”â”â”â”â”â”â”â”â”â”â”â”â”â”â”â”â”â”â”â”â”â”â”â”â”â”â”â”â”â”â”â”â”[0m

[0;36m[â†’][0m Creating legacy plots from benchmark results...
Warning: No benchmark_results.json files found in 'results/large_graphs'. Skipping.
Error: No valid benchmark results files found.
Run 'python main.py benchmark' first to generate results.
[0;36m[â†’][0m Creating individual algorithm and pairwise comparison charts...
Error: No JSON files found in 'results/large_graphs'
[0;32m[âœ“][0m Generated 121 plots in experiments/plots

[0;36mâ•”â•â•â•â•â•â•â•â•â•â•â•â•â•â•â•â•â•â•â•â•â•â•â•â•â•â•â•â•â•â•â•â•â•â•â•â•â•â•â•â•â•â•â•â•â•â•â•â•â•â•â•â•â•â•â•â•â•â•â•â•â•—[0m
[0;36mâ•‘[0m [0;35mExperiment Summary[0m
[0;36mâ•šâ•â•â•â•â•â•â•â•â•â•â•â•â•â•â•â•â•â•â•â•â•â•â•â•â•â•â•â•â•â•â•â•â•â•â•â•â•â•â•â•â•â•â•â•â•â•â•â•â•â•â•â•â•â•â•â•â•â•â•â•â•[0m

[0;32mResults Directory:[0m results/large_graphs
[0;32mPlots Directory:[0m experiments/plots
[0;32mLog File:[0m experiments/complete_run_20251129_135754.log

[0;34mBenchmark result files:[0m 0
[0;34mGenerated plots:[0m 0

[0;36mAlgorithms tested:[0m
  [0;32mScalability:[0m 50..100 vertices (14 algorithms)

[0;35mâ•â•â•â•â•â•â•â•â•â•â•â•â•â•â•â•â•â•â•â•â•â•â•â•â•â•â•â•â•â•â•â•â•â•â•â•â•â•â•â•â•â•â•â•â•â•â•â•â•â•â•â•â•â•â•â•â•â•â•â•[0m
[0;32mâœ… All experiments completed successfully![0m
[0;35mâ•â•â•â•â•â•â•â•â•â•â•â•â•â•â•â•â•â•â•â•â•â•â•â•â•â•â•â•â•â•â•â•â•â•â•â•â•â•â•â•â•â•â•â•â•â•â•â•â•â•â•â•â•â•â•â•â•â•â•â•[0m
