Experiment run started at Sat Nov 29 14:18:48 WET 2025
Seed: 112974
Mode: FULL


[0;34mâ”â”â”â”â”â”â”â”â”â”â”â”â”â”â”â”â”â”â”â”â”â”â”â”â”â”â”â”â”â”â”â”â”â”â”â”â”â”â”â”â”â”â”â”â”â”â”â”â”â”â”â”â”â”â”â”â”â”â”â”[0m
[0;34mâ–¶[0m Checking Prerequisites
[0;34mâ”â”â”â”â”â”â”â”â”â”â”â”â”â”â”â”â”â”â”â”â”â”â”â”â”â”â”â”â”â”â”â”â”â”â”â”â”â”â”â”â”â”â”â”â”â”â”â”â”â”â”â”â”â”â”â”â”â”â”â”[0m

[0;32m[âœ“][0m uv found: uv 0.9.8
[0;32m[âœ“][0m Python found
[0;32m[âœ“][0m Project structure verified

[0;36mâ•”â•â•â•â•â•â•â•â•â•â•â•â•â•â•â•â•â•â•â•â•â•â•â•â•â•â•â•â•â•â•â•â•â•â•â•â•â•â•â•â•â•â•â•â•â•â•â•â•â•â•â•â•â•â•â•â•â•â•â•â•â•—[0m
[0;36mâ•‘[0m [0;35mSCALABILITY TESTS (1..1000000 vertices)[0m
[0;36mâ•šâ•â•â•â•â•â•â•â•â•â•â•â•â•â•â•â•â•â•â•â•â•â•â•â•â•â•â•â•â•â•â•â•â•â•â•â•â•â•â•â•â•â•â•â•â•â•â•â•â•â•â•â•â•â•â•â•â•â•â•â•â•[0m

[0;34m[INFO][0m Running algorithms (except exhaustive) on graphs with 1..1000000 vertices

[0;34mâ”â”â”â”â”â”â”â”â”â”â”â”â”â”â”â”â”â”â”â”â”â”â”â”â”â”â”â”â”â”â”â”â”â”â”â”â”â”â”â”â”â”â”â”â”â”â”â”â”â”â”â”â”â”â”â”â”â”â”â”[0m
[0;34mâ–¶[0m Testing greedy (scalability)
[0;34mâ”â”â”â”â”â”â”â”â”â”â”â”â”â”â”â”â”â”â”â”â”â”â”â”â”â”â”â”â”â”â”â”â”â”â”â”â”â”â”â”â”â”â”â”â”â”â”â”â”â”â”â”â”â”â”â”â”â”â”â”[0m

[0;36m[â†’][0m Running greedy (1..1000000 vertices)...
Found 12 graph files in experiments/graphs_large
Running 1 algorithm(s): greedy

============================================================
Running GREEDY
============================================================

============================================================
BENCHMARKING 12 GRAPHS - GREEDY HEURISTIC
============================================================

[1/12] Grafo499-baBDpn.txt
Benchmarking graph (greedy heuristic): 1096 vertices, 531243 edges (75.0% density)
  Running greedy heuristic... 