Experiment run started at Sat Nov 29 13:11:18 WET 2025
Seed: 112974
Mode: FULL


[0;34mâ”â”â”â”â”â”â”â”â”â”â”â”â”â”â”â”â”â”â”â”â”â”â”â”â”â”â”â”â”â”â”â”â”â”â”â”â”â”â”â”â”â”â”â”â”â”â”â”â”â”â”â”â”â”â”â”â”â”â”â”[0m
[0;34mâ–¶[0m Checking Prerequisites
[0;34mâ”â”â”â”â”â”â”â”â”â”â”â”â”â”â”â”â”â”â”â”â”â”â”â”â”â”â”â”â”â”â”â”â”â”â”â”â”â”â”â”â”â”â”â”â”â”â”â”â”â”â”â”â”â”â”â”â”â”â”â”[0m

[0;32m[âœ“][0m uv found: uv 0.9.8
[0;32m[âœ“][0m Python found
[0;32m[âœ“][0m Project structure verified

[0;34mâ”â”â”â”â”â”â”â”â”â”â”â”â”â”â”â”â”â”â”â”â”â”â”â”â”â”â”â”â”â”â”â”â”â”â”â”â”â”â”â”â”â”â”â”â”â”â”â”â”â”â”â”â”â”â”â”â”â”â”â”[0m
[0;34mâ–¶[0m Generating Test Graphs
[0;34mâ”â”â”â”â”â”â”â”â”â”â”â”â”â”â”â”â”â”â”â”â”â”â”â”â”â”â”â”â”â”â”â”â”â”â”â”â”â”â”â”â”â”â”â”â”â”â”â”â”â”â”â”â”â”â”â”â”â”â”â”[0m

[0;34m[INFO][0m Generating graphs with 4-100 vertices...
[0;32m[âœ“][0m Generated 388 graphs in experiments/graphs_complete

[0;34mâ”â”â”â”â”â”â”â”â”â”â”â”â”â”â”â”â”â”â”â”â”â”â”â”â”â”â”â”â”â”â”â”â”â”â”â”â”â”â”â”â”â”â”â”â”â”â”â”â”â”â”â”â”â”â”â”â”â”â”â”[0m
[0;34mâ–¶[0m Running Baseline Algorithms (Exhaustive + Greedy)
[0;34mâ”â”â”â”â”â”â”â”â”â”â”â”â”â”â”â”â”â”â”â”â”â”â”â”â”â”â”â”â”â”â”â”â”â”â”â”â”â”â”â”â”â”â”â”â”â”â”â”â”â”â”â”â”â”â”â”â”â”â”â”[0m

[0;36m[â†’][0m Running exhaustive search on graphs (4..20 vertices)...
[1;33m[âš ][0m Exhaustive benchmark had some errors
[0;32m[âœ“][0m Exhaustive search completed
[0;36m[â†’][0m Running greedy heuristic on graphs (4..100 vertices)...
[1;33m[âš ][0m Greedy benchmark had some errors
[0;32m[âœ“][0m Greedy heuristic completed
[0;32m[âœ“][0m Baseline algorithms completed

[0;34mâ”â”â”â”â”â”â”â”â”â”â”â”â”â”â”â”â”â”â”â”â”â”â”â”â”â”â”â”â”â”â”â”â”â”â”â”â”â”â”â”â”â”â”â”â”â”â”â”â”â”â”â”â”â”â”â”â”â”â”â”[0m
[0;34mâ–¶[0m Testing Randomized Algorithms
[0;34mâ”â”â”â”â”â”â”â”â”â”â”â”â”â”â”â”â”â”â”â”â”â”â”â”â”â”â”â”â”â”â”â”â”â”â”â”â”â”â”â”â”â”â”â”â”â”â”â”â”â”â”â”â”â”â”â”â”â”â”â”[0m

[0;36m[â†’][0m Testing random_construction (4..100 vertices)...
[1;33m[âš ][0m random_construction had some errors
