This is LuaHBTeX, Version 1.18.0 (TeX Live 2025/dev/Debian)  (format=lualatex 2025.10.15)  1 DEC 2025 01:13
 restricted system commands enabled.
 file:line:error style messages enabled.
**/home/andre/Desktop/UA/2025_26/AA/P/projeto2/docs/report/main.tex
(/home/andre/Desktop/UA/2025_26/AA/P/projeto2/docs/report/main.tex
LaTeX2e <2024-11-01> patch level 2
L3 programming layer <2025-01-18>
Lua module: luaotfload 2024-12-03 v3.29 Lua based OpenType font support
Lua module: lualibs 2023-07-13 v2.76 ConTeXt Lua standard libraries.
Lua module: lualibs-extended 2023-07-13 v2.76 ConTeXt Lua libraries -- extended collection.
luaotfload | conf : Root cache directory is "/home/andre/.texlive2025/texmf-var/luatex-cache/generic/names".
luaotfload | init : Loading fontloader "fontloader-2023-12-28.lua" from kpse-resolved path "/usr/share/texlive/texmf-dist/tex/luatex/luaotfload/fontloader-2023-12-28.lua".
Lua-only attribute luaotfload@noligature = 1
luaotfload | init : Context OpenType loader version 3.134
Inserting `luaotfload.node_processor' in `pre_linebreak_filter'.
Inserting `luaotfload.node_processor' in `hpack_filter'.
Inserting `luaotfload.glyph_stream' in `glyph_stream_provider'.
Inserting `luaotfload.define_font' in `define_font'.
Lua-only attribute luaotfload_color_attribute = 2
luaotfload | conf : Root cache directory is "/home/andre/.texlive2025/texmf-var/luatex-cache/generic/names".
Inserting `luaotfload.harf.strip_prefix' in `find_opentype_file'.
Inserting `luaotfload.harf.strip_prefix' in `find_truetype_file'.
Removing  `luaotfload.glyph_stream' from `glyph_stream_provider'.
Inserting `luaotfload.harf.glyphstream' in `glyph_stream_provider'.
Inserting `luaotfload.harf.finalize_vlist' in `post_linebreak_filter'.
Inserting `luaotfload.harf.finalize_hlist' in `hpack_filter'.
Inserting `luaotfload.cleanup_files' in `wrapup_run'.
Inserting `luaotfload.harf.finalize_unicode' in `finish_pdffile'.
Inserting `luaotfload.glyphinfo' in `glyph_info'.
Lua-only attribute luaotfload.letterspace_done = 3
Inserting `luaotfload.aux.set_sscale_dimens' in `luaotfload.patch_font'.
Inserting `luaotfload.aux.set_font_index' in `luaotfload.patch_font'.
Inserting `luaotfload.aux.patch_cambria_domh' in `luaotfload.patch_font'.
Inserting `luaotfload.aux.fixup_fontdata' in `luaotfload.patch_font_unsafe'.
Inserting `luaotfload.aux.set_capheight' in `luaotfload.patch_font'.
Inserting `luaotfload.aux.set_xheight' in `luaotfload.patch_font'.
Inserting `luaotfload.rewrite_fontname' in `luaotfload.patch_font'.
Inserting `tracingstacklevels' in `input_level_string'. (/usr/share/texlive/texmf-dist/tex/latex/base/fontenc.sty
Package: fontenc 2021/04/29 v2.0v Standard LaTeX package
LaTeX Font Info:    Trying to load font information for T1+lmr on input line 116.
 (/usr/share/texmf/tex/latex/lm/t1lmr.fd
File: t1lmr.fd 2015/05/01 v1.6.1 Font defs for Latin Modern
)) (/usr/share/texlive/texmf-dist/tex/latex/ieeetran/IEEEtran.cls
Document Class: IEEEtran 2015/08/26 V1.8b by Michael Shell
-- See the "IEEEtran_HOWTO" manual for usage information.
-- http://www.michaelshell.org/tex/ieeetran/
\@IEEEtrantmpdimenA=\dimen140
\@IEEEtrantmpdimenB=\dimen141
\@IEEEtrantmpdimenC=\dimen142
\@IEEEtrantmpcountA=\count194
\@IEEEtrantmpcountB=\count195
\@IEEEtrantmpcountC=\count196
\@IEEEtrantmptoksA=\toks17
LaTeX Font Info:    Trying to load font information for T1+ptm on input line 503.
(/usr/share/texlive/texmf-dist/tex/latex/psnfss/t1ptm.fd
File: t1ptm.fd 2001/06/04 font definitions for T1/ptm.
)
-- Using 8.5in x 11in (letter) paper.
-- Using DVI output.
\@IEEEnormalsizeunitybaselineskip=\dimen143
-- This is a 10 point document.
\CLASSINFOnormalsizebaselineskip=\dimen144
\CLASSINFOnormalsizeunitybaselineskip=\dimen145
\IEEEnormaljot=\dimen146
LaTeX Font Info:    Font shape `T1/ptm/bx/n' in size <5> not available
(Font)              Font shape `T1/ptm/b/n' tried instead on input line 1090.
LaTeX Font Info:    Font shape `T1/ptm/bx/it' in size <5> not available
(Font)              Font shape `T1/ptm/b/it' tried instead on input line 1090.
LaTeX Font Info:    Font shape `T1/ptm/bx/n' in size <7> not available
(Font)              Font shape `T1/ptm/b/n' tried instead on input line 1090.
LaTeX Font Info:    Font shape `T1/ptm/bx/it' in size <7> not available
(Font)              Font shape `T1/ptm/b/it' tried instead on input line 1090.
LaTeX Font Info:    Font shape `T1/ptm/bx/n' in size <8> not available
(Font)              Font shape `T1/ptm/b/n' tried instead on input line 1090.
LaTeX Font Info:    Font shape `T1/ptm/bx/it' in size <8> not available
(Font)              Font shape `T1/ptm/b/it' tried instead on input line 1090.
LaTeX Font Info:    Font shape `T1/ptm/bx/n' in size <9> not available
(Font)              Font shape `T1/ptm/b/n' tried instead on input line 1090.
LaTeX Font Info:    Font shape `T1/ptm/bx/it' in size <9> not available
(Font)              Font shape `T1/ptm/b/it' tried instead on input line 1090.
LaTeX Font Info:    Font shape `T1/ptm/bx/n' in size <10> not available
(Font)              Font shape `T1/ptm/b/n' tried instead on input line 1090.
LaTeX Font Info:    Font shape `T1/ptm/bx/it' in size <10> not available
(Font)              Font shape `T1/ptm/b/it' tried instead on input line 1090.
LaTeX Font Info:    Font shape `T1/ptm/bx/n' in size <11> not available
(Font)              Font shape `T1/ptm/b/n' tried instead on input line 1090.
LaTeX Font Info:    Font shape `T1/ptm/bx/it' in size <11> not available
(Font)              Font shape `T1/ptm/b/it' tried instead on input line 1090.
LaTeX Font Info:    Font shape `T1/ptm/bx/n' in size <12> not available
(Font)              Font shape `T1/ptm/b/n' tried instead on input line 1090.
LaTeX Font Info:    Font shape `T1/ptm/bx/it' in size <12> not available
(Font)              Font shape `T1/ptm/b/it' tried instead on input line 1090.
LaTeX Font Info:    Font shape `T1/ptm/bx/n' in size <17> not available
(Font)              Font shape `T1/ptm/b/n' tried instead on input line 1090.
LaTeX Font Info:    Font shape `T1/ptm/bx/it' in size <17> not available
(Font)              Font shape `T1/ptm/b/it' tried instead on input line 1090.
LaTeX Font Info:    Font shape `T1/ptm/bx/n' in size <20> not available
(Font)              Font shape `T1/ptm/b/n' tried instead on input line 1090.
LaTeX Font Info:    Font shape `T1/ptm/bx/it' in size <20> not available
(Font)              Font shape `T1/ptm/b/it' tried instead on input line 1090.
LaTeX Font Info:    Font shape `T1/ptm/bx/n' in size <24> not available
(Font)              Font shape `T1/ptm/b/n' tried instead on input line 1090.
LaTeX Font Info:    Font shape `T1/ptm/bx/it' in size <24> not available
(Font)              Font shape `T1/ptm/b/it' tried instead on input line 1090.
\IEEEquantizedlength=\dimen147
\IEEEquantizedlengthdiff=\dimen148
\IEEEquantizedtextheightdiff=\dimen149
\IEEEilabelindentA=\dimen150
\IEEEilabelindentB=\dimen151
\IEEEilabelindent=\dimen152
\IEEEelabelindent=\dimen153
\IEEEdlabelindent=\dimen154
\IEEElabelindent=\dimen155
\IEEEiednormlabelsep=\dimen156
\IEEEiedmathlabelsep=\dimen157
\IEEEiedtopsep=\skip49
\c@section=\count197
\c@subsection=\count198
\c@subsubsection=\count199
\c@paragraph=\count266
\c@IEEEsubequation=\count267
\abovecaptionskip=\skip50
\belowcaptionskip=\skip51
\c@figure=\count268
\c@table=\count269
\@IEEEeqnnumcols=\count270
\@IEEEeqncolcnt=\count271
\@IEEEsubeqnnumrollback=\count272
\@IEEEquantizeheightA=\dimen158
\@IEEEquantizeheightB=\dimen159
\@IEEEquantizeheightC=\dimen160
\@IEEEquantizeprevdepth=\dimen161
\@IEEEquantizemultiple=\count273
\@IEEEquantizeboxA=\box52
\@IEEEtmpitemindent=\dimen162
\IEEEPARstartletwidth=\dimen163
\c@IEEEbiography=\count274
\@IEEEtranrubishbin=\box53
)
** ATTENTION: Overriding command lockouts (line 3).
(/usr/share/texlive/texmf-dist/tex/latex/lipsum/lipsum.sty (/usr/share/texlive/texmf-dist/tex/latex/l3packages/l3keys2e/l3keys2e.sty (/usr/share/texlive/texmf-dist/tex/latex/l3kernel/expl3.sty
Package: expl3 2025-01-18 L3 programming layer (loader) 
 (/usr/share/texlive/texmf-dist/tex/latex/l3backend/l3backend-luatex.def
File: l3backend-luatex.def 2024-05-08 L3 backend support: PDF output (LuaTeX)
\l__color_backend_stack_int=\count275
Inserting `l3color' in `luaotfload.parse_color'.
\l__pdf_internal_box=\box54
))
Package: l3keys2e 2024-08-16 LaTeX2e option processing using LaTeX3 keys
)
Package: lipsum 2021-09-20 v2.7 150 paragraphs of Lorem Ipsum dummy text
\g__lipsum_par_int=\count276
\l__lipsum_a_int=\count277
\l__lipsum_b_int=\count278
 (/usr/share/texlive/texmf-dist/tex/latex/lipsum/lipsum.ltd.tex)) (/usr/share/texlive/texmf-dist/tex/latex/cite/cite.sty
LaTeX Info: Redefining \cite on input line 302.
LaTeX Info: Redefining \nocite on input line 332.
Package: cite 2015/02/27  v 5.5
) (/usr/share/texlive/texmf-dist/tex/latex/amsmath/amsmath.sty
Package: amsmath 2024/11/05 v2.17t AMS math features
\@mathmargin=\skip52

For additional information on amsmath, use the `?' option.
(/usr/share/texlive/texmf-dist/tex/latex/amsmath/amstext.sty
Package: amstext 2021/08/26 v2.01 AMS text
 (/usr/share/texlive/texmf-dist/tex/latex/amsmath/amsgen.sty
File: amsgen.sty 1999/11/30 v2.0 generic functions
\@emptytoks=\toks18
\ex@=\dimen164
)) (/usr/share/texlive/texmf-dist/tex/latex/amsmath/amsbsy.sty
Package: amsbsy 1999/11/29 v1.2d Bold Symbols
\pmbraise@=\dimen165
) (/usr/share/texlive/texmf-dist/tex/latex/amsmath/amsopn.sty
Package: amsopn 2022/04/08 v2.04 operator names
)
\inf@bad=\count279
LaTeX Info: Redefining \frac on input line 235.
\uproot@=\count280
\leftroot@=\count281
LaTeX Info: Redefining \overline on input line 398.
LaTeX Info: Redefining \colon on input line 409.
\classnum@=\count282
\DOTSCASE@=\count283
LaTeX Info: Redefining \ldots on input line 495.
LaTeX Info: Redefining \dots on input line 498.
LaTeX Info: Redefining \cdots on input line 619.
\Mathstrutbox@=\box55
\strutbox@=\box56
LaTeX Info: Redefining \big on input line 721.
LaTeX Info: Redefining \Big on input line 722.
LaTeX Info: Redefining \bigg on input line 723.
LaTeX Info: Redefining \Bigg on input line 724.
\big@size=\dimen166
LaTeX Font Info:    Redeclaring font encoding OML on input line 742.
LaTeX Font Info:    Redeclaring font encoding OMS on input line 743.
\macc@depth=\count284
LaTeX Info: Redefining \bmod on input line 904.
LaTeX Info: Redefining \pmod on input line 909.
LaTeX Info: Redefining \smash on input line 939.
LaTeX Info: Redefining \relbar on input line 969.
LaTeX Info: Redefining \Relbar on input line 970.
\c@MaxMatrixCols=\count285
\dotsspace@=\muskip17
\c@parentequation=\count286
\dspbrk@lvl=\count287
\tag@help=\toks19
\row@=\count288
\column@=\count289
\maxfields@=\count290
\andhelp@=\toks20
\eqnshift@=\dimen167
\alignsep@=\dimen168
\tagshift@=\dimen169
\tagwidth@=\dimen170
\totwidth@=\dimen171
\lineht@=\dimen172
\@envbody=\toks21
\multlinegap=\skip53
\multlinetaggap=\skip54
\mathdisplay@stack=\toks22
LaTeX Info: Redefining \[ on input line 2953.
LaTeX Info: Redefining \] on input line 2954.
) (/usr/share/texlive/texmf-dist/tex/latex/amsfonts/amssymb.sty
Package: amssymb 2013/01/14 v3.01 AMS font symbols
 (/usr/share/texlive/texmf-dist/tex/latex/amsfonts/amsfonts.sty
Package: amsfonts 2013/01/14 v3.01 Basic AMSFonts support
\symAMSa=\mathgroup4
\symAMSb=\mathgroup5
LaTeX Font Info:    Redeclaring math symbol \hbar on input line 98.
LaTeX Font Info:    Overwriting math alphabet `\mathfrak' in version `bold'
(Font)                  U/euf/m/n --> U/euf/b/n on input line 106.
)) (/usr/share/texlive/texmf-dist/tex/latex/algorithms/algorithm.sty
Package: algorithm 2009/08/24 v0.1 Document Style `algorithm' - floating environment
 (/usr/share/texlive/texmf-dist/tex/latex/float/float.sty
Package: float 2001/11/08 v1.3d Float enhancements (AL)
\c@float@type=\count291
\float@exts=\toks23
\float@box=\box57
\@float@everytoks=\toks24
\@floatcapt=\box58
) (/usr/share/texlive/texmf-dist/tex/latex/base/ifthen.sty
Package: ifthen 2024/03/16 v1.1e Standard LaTeX ifthen package (DPC)
)
\@float@every@algorithm=\toks25
\c@algorithm=\count292
) (/usr/share/texlive/texmf-dist/tex/latex/algorithmicx/algpseudocode.sty
Package: algpseudocode 
 (/usr/share/texlive/texmf-dist/tex/latex/algorithmicx/algorithmicx.sty
Package: algorithmicx 2005/04/27 v1.2 Algorithmicx

Document Style algorithmicx 1.2 - a greatly improved `algorithmic' style
\c@ALG@line=\count293
\c@ALG@rem=\count294
\c@ALG@nested=\count295
\ALG@tlm=\skip55
\ALG@thistlm=\skip56
\c@ALG@Lnr=\count296
\c@ALG@blocknr=\count297
\c@ALG@storecount=\count298
\c@ALG@tmpcounter=\count299
\ALG@tmplength=\skip57
)
Document Style - pseudocode environments for use with the `algorithmicx' style
) (/usr/share/texlive/texmf-dist/tex/latex/graphics/graphicx.sty
Package: graphicx 2021/09/16 v1.2d Enhanced LaTeX Graphics (DPC,SPQR)
 (/usr/share/texlive/texmf-dist/tex/latex/graphics/keyval.sty
Package: keyval 2022/05/29 v1.15 key=value parser (DPC)
\KV@toks@=\toks26
) (/usr/share/texlive/texmf-dist/tex/latex/graphics/graphics.sty
Package: graphics 2024/08/06 v1.4g Standard LaTeX Graphics (DPC,SPQR)
 (/usr/share/texlive/texmf-dist/tex/latex/graphics/trig.sty
Package: trig 2023/12/02 v1.11 sin cos tan (DPC)
) (/usr/share/texlive/texmf-dist/tex/latex/graphics-cfg/graphics.cfg
File: graphics.cfg 2016/06/04 v1.11 sample graphics configuration
)
Package graphics Info: Driver file: luatex.def on input line 106.
 (/usr/share/texlive/texmf-dist/tex/latex/graphics-def/luatex.def
File: luatex.def 2024/04/13 v1.2e Graphics/color driver for luatex
))
\Gin@req@height=\dimen173
\Gin@req@width=\dimen174
) (/usr/share/texlive/texmf-dist/tex/latex/base/textcomp.sty
Package: textcomp 2024/04/24 v2.1b Standard LaTeX package
) (/usr/share/texlive/texmf-dist/tex/latex/tools/tabularx.sty
Package: tabularx 2023/12/11 v2.12a `tabularx' package (DPC)
 (/usr/share/texlive/texmf-dist/tex/latex/tools/array.sty
Package: array 2024/10/17 v2.6g Tabular extension package (FMi)
\col@sep=\dimen175
\ar@mcellbox=\box59
\extrarowheight=\dimen176
\NC@list=\toks27
\extratabsurround=\skip58
\backup@length=\skip59
\ar@cellbox=\box60
)
\TX@col@width=\dimen177
\TX@old@table=\dimen178
\TX@old@col=\dimen179
\TX@target=\dimen180
\TX@delta=\dimen181
\TX@cols=\count300
\TX@ftn=\toks28
) (/usr/share/texlive/texmf-dist/tex/latex/tools/longtable.sty
Package: longtable 2024-10-27 v4.22 Multi-page Table package (DPC)
\LTleft=\skip60
\LTright=\skip61
\LTpre=\skip62
\LTpost=\skip63
\LTchunksize=\count301
\LTcapwidth=\dimen182
\LT@head=\box61
\LT@firsthead=\box62
\LT@foot=\box63
\LT@lastfoot=\box64
\LT@gbox=\box65
\LT@cols=\count302
\LT@rows=\count303
\c@LT@tables=\count304
\c@LT@chunks=\count305
\LT@p@ftn=\toks29
) (/usr/share/texlive/texmf-dist/tex/generic/babel/babel.sty
Package: babel 2025/02/14 v25.4 The multilingual framework for pdfLaTeX, LuaLaTeX and XeLaTeX
 (/usr/share/texlive/texmf-dist/tex/generic/babel/luababel.def
\bbl@readstream=\read2
\l@dumylang=\language2
Package babel Info: Non-standard hyphenation setup on input line 118.
\l@nohyphenation=\language3
\l@czech=\language4
\l@finnish=\language5
\l@hebrew=\language6
\l@swissgerman=\language7
\l@bokmal=\language8
\l@spanish=\language9
\l@indonesian=\language10
\l@mongolian=\language11
\l@russian=\language12
\l@icelandic=\language13
\l@uppersorbian=\language14
\l@slovenian=\language15
\l@portuguese=\language16
\l@bengali=\language17
\l@swedish=\language18
\l@usenglishmax=\language19
\l@nynorsk=\language20
\l@turkish=\language21
\l@macedonian=\language22
\l@ukenglish=\language23
\l@afrikaans=\language24
\l@tamil=\language25
\l@hindi=\language26
\l@ancientgreek=\language27
\l@romanian=\language28
\l@ibycus=\language29
\l@belarusian=\language30
\l@ukrainian=\language31
\l@catalan=\language32
\l@italian=\language33
\l@albanian=\language34
\l@welsh=\language35
\l@vietnamese=\language36
\l@interlingua=\language37
\l@malayalam=\language38
\l@oriya=\language39
\l@ngerman-x-2024-02-28=\language40
\l@churchslavonic=\language41
\l@schoolfinnish=\language42
\l@telugu=\language43
\l@gujarati=\language44
\l@basque=\language45
\l@serbian=\language46
\l@slovak=\language47
\l@pali=\language48
\l@german-x-2024-02-28=\language49
\l@polish=\language50
\l@assamese=\language51
\l@turkmen=\language52
\l@kannada=\language53
\l@ngerman=\language54
\l@georgian=\language55
\l@arabic=\language56
\l@piedmontese=\language57
\l@lithuanian=\language58
\l@ethiopic=\language59
\l@french=\language60
\l@marathi=\language61
\l@occitan=\language62
\l@german=\language63
\l@mongolianlmc=\language64
\l@armenian=\language65
\l@coptic=\language66
\l@esperanto=\language67
\l@estonian=\language68
\l@friulan=\language69
\l@monogreek=\language70
\l@latvian=\language71
\l@serbianc=\language72
\l@latin=\language73
\l@kurmanji=\language74
\l@dutch=\language75
\l@irish=\language76
\l@greek=\language77
\l@hungarian=\language78
\l@thai=\language79
\l@croatian=\language80
\l@romansh=\language81
\l@classiclatin=\language82
\l@farsi=\language83
\l@pinyin=\language84
\l@panjabi=\language85
\l@galician=\language86
\l@liturgicallatin=\language87
\l@sanskrit=\language88
\l@danish=\language89
\l@bulgarian=\language90
\babelcatcodetablenum=\catcodetable14
\bbl@pattcodes=\catcodetable15
)
\babel@savecnt=\count306
\U@D=\dimen183
\l@unhyphenated=\language91
 (/usr/share/texlive/texmf-dist/tex/generic/babel/luababel.def
\bbl@attr@locale=\attribute4
) (/usr/share/texlive/texmf-dist/tex/generic/babel-english/english.ldf
Language: english 2017/06/06 v3.3r English support from the babel system
Package babel Info: Hyphen rules for 'canadian' set to \l@english
(babel)             (\language0). Reported on input line 102.
Package babel Info: Hyphen rules for 'australian' set to \l@ukenglish
(babel)             (\language23). Reported on input line 105.
Package babel Info: Hyphen rules for 'newzealand' set to \l@ukenglish
(babel)             (\language23). Reported on input line 108.
)) (/usr/share/texlive/texmf-dist/tex/generic/babel/locale/en/babel-english.tex
Package babel Info: Importing font and identification data for english
(babel)             from babel-en.ini. Reported on input line 11.
) (/usr/share/texlive/texmf-dist/tex/latex/xcolor/xcolor.sty
Package: xcolor 2024/09/29 v3.02 LaTeX color extensions (UK)
 (/usr/share/texlive/texmf-dist/tex/latex/graphics-cfg/color.cfg
File: color.cfg 2016/01/02 v1.6 sample color configuration
)
Package xcolor Info: Driver file: luatex.def on input line 274.
 (/usr/share/texlive/texmf-dist/tex/latex/graphics/mathcolor.ltx)
Package xcolor Info: Model `cmy' substituted by `cmy0' on input line 1349.
Package xcolor Info: Model `hsb' substituted by `rgb' on input line 1353.
Package xcolor Info: Model `RGB' extended on input line 1365.
Package xcolor Info: Model `HTML' substituted by `rgb' on input line 1367.
Package xcolor Info: Model `Hsb' substituted by `hsb' on input line 1368.
Package xcolor Info: Model `tHsb' substituted by `hsb' on input line 1369.
Package xcolor Info: Model `HSB' substituted by `hsb' on input line 1370.
Package xcolor Info: Model `Gray' substituted by `gray' on input line 1371.
Package xcolor Info: Model `wave' substituted by `hsb' on input line 1372.
) (/usr/share/texlive/texmf-dist/tex/latex/graphics/dvipsnam.def
File: dvipsnam.def 2016/06/17 v3.0m Driver-dependent file (DPC,SPQR)
) (/usr/share/texlive/texmf-dist/tex/latex/booktabs/booktabs.sty
Package: booktabs 2020/01/12 v1.61803398 Publication quality tables
\heavyrulewidth=\dimen184
\lightrulewidth=\dimen185
\cmidrulewidth=\dimen186
\belowrulesep=\dimen187
\belowbottomsep=\dimen188
\aboverulesep=\dimen189
\abovetopsep=\dimen190
\cmidrulesep=\dimen191
\cmidrulekern=\dimen192
\defaultaddspace=\dimen193
\@cmidla=\count307
\@cmidlb=\count308
\@aboverulesep=\dimen194
\@belowrulesep=\dimen195
\@thisruleclass=\count309
\@lastruleclass=\count310
\@thisrulewidth=\dimen196
) (/usr/share/texlive/texmf-dist/tex/latex/tools/multicol.sty
Package: multicol 2024/09/14 v1.9i multicolumn formatting (FMi)
\c@tracingmulticols=\count311
\mult@box=\box66
\multicol@leftmargin=\dimen197
\c@unbalance=\count312
\c@collectmore=\count313
\doublecol@number=\count314
\multicoltolerance=\count315
\multicolpretolerance=\count316
\full@width=\dimen198
\page@free=\dimen199
\premulticols=\dimen256
\postmulticols=\dimen257
\multicolsep=\skip64
\multicolbaselineskip=\skip65
\partial@page=\box67
\last@line=\box68
\mc@boxedresult=\box69
\maxbalancingoverflow=\dimen258
\mult@rightbox=\box70
\mult@grightbox=\box71
\mult@firstbox=\box72
\mult@gfirstbox=\box73
\@tempa=\box74
\@tempa=\box75
\@tempa=\box76
\@tempa=\box77
\@tempa=\box78
\@tempa=\box79
\@tempa=\box80
\@tempa=\box81
\@tempa=\box82
\@tempa=\box83
\@tempa=\box84
\@tempa=\box85
\@tempa=\box86
\@tempa=\box87
\@tempa=\box88
\@tempa=\box89
\@tempa=\box90
\@tempa=\box91
\@tempa=\box92
\@tempa=\box93
\@tempa=\box94
\@tempa=\box95
\@tempa=\box96
\@tempa=\box97
\@tempa=\box98
\@tempa=\box99
\@tempa=\box100
\@tempa=\box101
\@tempa=\box102
\@tempa=\box103
\@tempa=\box104
\@tempa=\box105
\@tempa=\box106
\@tempa=\box107
\@tempa=\box108
\@tempa=\box109
\c@minrows=\count317
\c@columnbadness=\count318
\c@finalcolumnbadness=\count319
\last@try=\dimen259
\multicolovershoot=\dimen260
\multicolundershoot=\dimen261
\mult@nat@firstbox=\box110
\colbreak@box=\box111
\mc@col@check@num=\count320
) (/usr/share/texlive/texmf-dist/tex/latex/multirow/multirow.sty
Package: multirow 2024/11/12 v2.9 Span multiple rows of a table
\multirow@colwidth=\skip66
\multirow@cntb=\count321
\multirow@dima=\skip67
\bigstrutjot=\dimen262
) (/usr/share/texlive/texmf-dist/tex/latex/wrapfig/wrapfig.sty
\wrapoverhang=\dimen263
\WF@size=\dimen264
\c@WF@wrappedlines=\count322
\WF@box=\box112
\WF@everypar=\toks30
Package: wrapfig 2003/01/31  v 3.6
) (/usr/share/texlive/texmf-dist/tex/latex/url/url.sty
\Urlmuskip=\muskip18
Package: url 2013/09/16  ver 3.4  Verb mode for urls, etc.
) (/usr/share/texlive/texmf-dist/tex/latex/hyperref/hyperref.sty
Package: hyperref 2024-11-05 v7.01l Hypertext links for LaTeX
 (/usr/share/texlive/texmf-dist/tex/generic/iftex/iftex.sty
Package: iftex 2024/12/12 v1.0g TeX engine tests
) (/usr/share/texlive/texmf-dist/tex/latex/kvsetkeys/kvsetkeys.sty
Package: kvsetkeys 2022-10-05 v1.19 Key value parser (HO)
) (/usr/share/texlive/texmf-dist/tex/generic/kvdefinekeys/kvdefinekeys.sty
Package: kvdefinekeys 2019-12-19 v1.6 Define keys (HO)
) (/usr/share/texlive/texmf-dist/tex/generic/pdfescape/pdfescape.sty
Package: pdfescape 2019/12/09 v1.15 Implements pdfTeX's escape features (HO)
 (/usr/share/texlive/texmf-dist/tex/generic/ltxcmds/ltxcmds.sty
Package: ltxcmds 2023-12-04 v1.26 LaTeX kernel commands for general use (HO)
) (/usr/share/texlive/texmf-dist/tex/generic/pdftexcmds/pdftexcmds.sty
Package: pdftexcmds 2020-06-27 v0.33 Utility functions of pdfTeX for LuaTeX (HO)
 (/usr/share/texlive/texmf-dist/tex/generic/infwarerr/infwarerr.sty
Package: infwarerr 2019/12/03 v1.5 Providing info/warning/error messages (HO)
)
Package pdftexcmds Info: \pdf@primitive is available.
Package pdftexcmds Info: \pdf@ifprimitive is available.
Package pdftexcmds Info: \pdfdraftmode found.
\pdftexcmds@toks=\toks31
)) (/usr/share/texlive/texmf-dist/tex/latex/hycolor/hycolor.sty
Package: hycolor 2020-01-27 v1.10 Color options for hyperref/bookmark (HO)
) (/usr/share/texlive/texmf-dist/tex/latex/hyperref/nameref.sty
Package: nameref 2023-11-26 v2.56 Cross-referencing by name of section
 (/usr/share/texlive/texmf-dist/tex/latex/refcount/refcount.sty
Package: refcount 2019/12/15 v3.6 Data extraction from label references (HO)
) (/usr/share/texlive/texmf-dist/tex/generic/gettitlestring/gettitlestring.sty
Package: gettitlestring 2019/12/15 v1.6 Cleanup title references (HO)
 (/usr/share/texlive/texmf-dist/tex/latex/kvoptions/kvoptions.sty
Package: kvoptions 2022-06-15 v3.15 Key value format for package options (HO)
))
\c@section@level=\count323
) (/usr/share/texlive/texmf-dist/tex/latex/etoolbox/etoolbox.sty
Package: etoolbox 2025/02/11 v2.5l e-TeX tools for LaTeX (JAW)
\etb@tempcnta=\count324
) (/usr/share/texlive/texmf-dist/tex/generic/stringenc/stringenc.sty
Package: stringenc 2019/11/29 v1.12 Convert strings between diff. encodings (HO)
)
\@linkdim=\dimen265
\Hy@linkcounter=\count325
\Hy@pagecounter=\count326
 (/usr/share/texlive/texmf-dist/tex/latex/hyperref/pd1enc.def
File: pd1enc.def 2024-11-05 v7.01l Hyperref: PDFDocEncoding definition (HO)
) (/usr/share/texlive/texmf-dist/tex/generic/intcalc/intcalc.sty
Package: intcalc 2019/12/15 v1.3 Expandable calculations with integers (HO)
)
\Hy@SavedSpaceFactor=\count327
 (/usr/share/texlive/texmf-dist/tex/latex/hyperref/puenc.def
File: puenc.def 2024-11-05 v7.01l Hyperref: PDF Unicode definition (HO)
)
Package hyperref Info: Option `colorlinks' set `true' on input line 4040.
Package hyperref Info: Hyper figures OFF on input line 4157.
Package hyperref Info: Link nesting OFF on input line 4162.
Package hyperref Info: Hyper index ON on input line 4165.
Package hyperref Info: Plain pages OFF on input line 4172.
Package hyperref Info: Backreferencing OFF on input line 4177.
Package hyperref Info: Implicit mode ON; LaTeX internals redefined.
Package hyperref Info: Bookmarks ON on input line 4424.
\c@Hy@tempcnt=\count328
LaTeX Info: Redefining \url on input line 4763.
\XeTeXLinkMargin=\dimen266
 (/usr/share/texlive/texmf-dist/tex/generic/bitset/bitset.sty
Package: bitset 2019/12/09 v1.3 Handle bit-vector datatype (HO)
 (/usr/share/texlive/texmf-dist/tex/generic/bigintcalc/bigintcalc.sty
Package: bigintcalc 2019/12/15 v1.5 Expandable calculations on big integers (HO)
))
\Fld@menulength=\count329
\Field@Width=\dimen267
\Fld@charsize=\dimen268
Package hyperref Info: Hyper figures OFF on input line 6042.
Package hyperref Info: Link nesting OFF on input line 6047.
Package hyperref Info: Hyper index ON on input line 6050.
Package hyperref Info: backreferencing OFF on input line 6057.
Package hyperref Info: Link coloring ON on input line 6060.
Package hyperref Info: Link coloring with OCG OFF on input line 6067.
Package hyperref Info: PDF/A mode OFF on input line 6072.
 (/usr/share/texlive/texmf-dist/tex/latex/base/atbegshi-ltx.sty
Package: atbegshi-ltx 2021/01/10 v1.0c Emulation of the original atbegshi
package with kernel methods
)
\Hy@abspage=\count330
\c@Item=\count331
\c@Hfootnote=\count332
)
Package hyperref Info: Driver (autodetected): hluatex.
 (/usr/share/texlive/texmf-dist/tex/latex/hyperref/hluatex.def
File: hluatex.def 2024-11-05 v7.01l Hyperref driver for luaTeX
 (/usr/share/texlive/texmf-dist/tex/latex/base/atveryend-ltx.sty
Package: atveryend-ltx 2020/08/19 v1.0a Emulation of the original atveryend package
with kernel methods
)
\Fld@listcount=\count333
\c@bookmark@seq@number=\count334
 (/usr/share/texlive/texmf-dist/tex/latex/rerunfilecheck/rerunfilecheck.sty
Package: rerunfilecheck 2022-07-10 v1.10 Rerun checks for auxiliary files (HO)
 (/usr/share/texlive/texmf-dist/tex/generic/uniquecounter/uniquecounter.sty
Package: uniquecounter 2019/12/15 v1.4 Provide unlimited unique counter (HO)
)
Package uniquecounter Info: New unique counter `rerunfilecheck' on input line 285.
)
\Hy@SectionHShift=\skip68
) (/usr/share/texlive/texmf-dist/tex/latex/orcidlink/orcidlink.sty
Package: orcidlink 2024/06/26 v1.1.0 Support ORCID's three different ID formats.
 (/usr/share/texlive/texmf-dist/tex/latex/pgf/frontendlayer/tikz.sty (/usr/share/texlive/texmf-dist/tex/latex/pgf/basiclayer/pgf.sty (/usr/share/texlive/texmf-dist/tex/latex/pgf/utilities/pgfrcs.sty (/usr/share/texlive/texmf-dist/tex/generic/pgf/utilities/pgfutil-common.tex
\pgfutil@everybye=\toks32
\pgfutil@tempdima=\dimen269
\pgfutil@tempdimb=\dimen270
) (/usr/share/texlive/texmf-dist/tex/generic/pgf/utilities/pgfutil-latex.def
\pgfutil@abb=\box113
) (/usr/share/texlive/texmf-dist/tex/generic/pgf/utilities/pgfrcs.code.tex (/usr/share/texlive/texmf-dist/tex/generic/pgf/pgf.revision.tex)
Package: pgfrcs 2023-01-15 v3.1.10 (3.1.10)
))
Package: pgf 2023-01-15 v3.1.10 (3.1.10)
 (/usr/share/texlive/texmf-dist/tex/latex/pgf/basiclayer/pgfcore.sty (/usr/share/texlive/texmf-dist/tex/latex/pgf/systemlayer/pgfsys.sty (/usr/share/texlive/texmf-dist/tex/generic/pgf/systemlayer/pgfsys.code.tex
Package: pgfsys 2023-01-15 v3.1.10 (3.1.10)
 (/usr/share/texlive/texmf-dist/tex/generic/pgf/utilities/pgfkeys.code.tex
\pgfkeys@pathtoks=\toks33
\pgfkeys@temptoks=\toks34
 (/usr/share/texlive/texmf-dist/tex/generic/pgf/utilities/pgfkeyslibraryfiltered.code.tex
\pgfkeys@tmptoks=\toks35
))
\pgf@x=\dimen271
\pgf@y=\dimen272
\pgf@xa=\dimen273
\pgf@ya=\dimen274
\pgf@xb=\dimen275
\pgf@yb=\dimen276
\pgf@xc=\dimen277
\pgf@yc=\dimen278
\pgf@xd=\dimen279
\pgf@yd=\dimen280
\w@pgf@writea=\write3
\r@pgf@reada=\read3
\c@pgf@counta=\count335
\c@pgf@countb=\count336
\c@pgf@countc=\count337
\c@pgf@countd=\count338
\t@pgf@toka=\toks36
\t@pgf@tokb=\toks37
\t@pgf@tokc=\toks38
\pgf@sys@id@count=\count339
 (/usr/share/texlive/texmf-dist/tex/generic/pgf/systemlayer/pgf.cfg
File: pgf.cfg 2023-01-15 v3.1.10 (3.1.10)
)
Driver file for pgf: pgfsys-luatex.def
 (/usr/share/texlive/texmf-dist/tex/generic/pgf/systemlayer/pgfsys-luatex.def
File: pgfsys-luatex.def 2023-01-15 v3.1.10 (3.1.10)
 (/usr/share/texlive/texmf-dist/tex/generic/pgf/systemlayer/pgfsys-common-pdf.def
File: pgfsys-common-pdf.def 2023-01-15 v3.1.10 (3.1.10)
))) (/usr/share/texlive/texmf-dist/tex/generic/pgf/systemlayer/pgfsyssoftpath.code.tex
File: pgfsyssoftpath.code.tex 2023-01-15 v3.1.10 (3.1.10)
\pgfsyssoftpath@smallbuffer@items=\count340
\pgfsyssoftpath@bigbuffer@items=\count341
) (/usr/share/texlive/texmf-dist/tex/generic/pgf/systemlayer/pgfsysprotocol.code.tex
File: pgfsysprotocol.code.tex 2023-01-15 v3.1.10 (3.1.10)
)) (/usr/share/texlive/texmf-dist/tex/generic/pgf/basiclayer/pgfcore.code.tex
Package: pgfcore 2023-01-15 v3.1.10 (3.1.10)
 (/usr/share/texlive/texmf-dist/tex/generic/pgf/math/pgfmath.code.tex (/usr/share/texlive/texmf-dist/tex/generic/pgf/math/pgfmathutil.code.tex) (/usr/share/texlive/texmf-dist/tex/generic/pgf/math/pgfmathparser.code.tex
\pgfmath@dimen=\dimen281
\pgfmath@count=\count342
\pgfmath@box=\box114
\pgfmath@toks=\toks39
\pgfmath@stack@operand=\toks40
\pgfmath@stack@operation=\toks41
) (/usr/share/texlive/texmf-dist/tex/generic/pgf/math/pgfmathfunctions.code.tex) (/usr/share/texlive/texmf-dist/tex/generic/pgf/math/pgfmathfunctions.basic.code.tex) (/usr/share/texlive/texmf-dist/tex/generic/pgf/math/pgfmathfunctions.trigonometric.code.tex) (/usr/share/texlive/texmf-dist/tex/generic/pgf/math/pgfmathfunctions.random.code.tex) (/usr/share/texlive/texmf-dist/tex/generic/pgf/math/pgfmathfunctions.comparison.code.tex) (/usr/share/texlive/texmf-dist/tex/generic/pgf/math/pgfmathfunctions.base.code.tex) (/usr/share/texlive/texmf-dist/tex/generic/pgf/math/pgfmathfunctions.round.code.tex) (/usr/share/texlive/texmf-dist/tex/generic/pgf/math/pgfmathfunctions.misc.code.tex) (/usr/share/texlive/texmf-dist/tex/generic/pgf/math/pgfmathfunctions.integerarithmetics.code.tex) (/usr/share/texlive/texmf-dist/tex/generic/pgf/math/pgfmathcalc.code.tex) (/usr/share/texlive/texmf-dist/tex/generic/pgf/math/pgfmathfloat.code.tex
\c@pgfmathroundto@lastzeros=\count343
)) (/usr/share/texlive/texmf-dist/tex/generic/pgf/math/pgfint.code.tex) (/usr/share/texlive/texmf-dist/tex/generic/pgf/basiclayer/pgfcorepoints.code.tex
File: pgfcorepoints.code.tex 2023-01-15 v3.1.10 (3.1.10)
\pgf@picminx=\dimen282
\pgf@picmaxx=\dimen283
\pgf@picminy=\dimen284
\pgf@picmaxy=\dimen285
\pgf@pathminx=\dimen286
\pgf@pathmaxx=\dimen287
\pgf@pathminy=\dimen288
\pgf@pathmaxy=\dimen289
\pgf@xx=\dimen290
\pgf@xy=\dimen291
\pgf@yx=\dimen292
\pgf@yy=\dimen293
\pgf@zx=\dimen294
\pgf@zy=\dimen295
) (/usr/share/texlive/texmf-dist/tex/generic/pgf/basiclayer/pgfcorepathconstruct.code.tex
File: pgfcorepathconstruct.code.tex 2023-01-15 v3.1.10 (3.1.10)
\pgf@path@lastx=\dimen296
\pgf@path@lasty=\dimen297
) (/usr/share/texlive/texmf-dist/tex/generic/pgf/basiclayer/pgfcorepathusage.code.tex
File: pgfcorepathusage.code.tex 2023-01-15 v3.1.10 (3.1.10)
\pgf@shorten@end@additional=\dimen298
\pgf@shorten@start@additional=\dimen299
) (/usr/share/texlive/texmf-dist/tex/generic/pgf/basiclayer/pgfcorescopes.code.tex
File: pgfcorescopes.code.tex 2023-01-15 v3.1.10 (3.1.10)
\pgfpic=\box115
\pgf@hbox=\box116
\pgf@layerbox@main=\box117
\pgf@picture@serial@count=\count344
) (/usr/share/texlive/texmf-dist/tex/generic/pgf/basiclayer/pgfcoregraphicstate.code.tex
File: pgfcoregraphicstate.code.tex 2023-01-15 v3.1.10 (3.1.10)
\pgflinewidth=\dimen300
) (/usr/share/texlive/texmf-dist/tex/generic/pgf/basiclayer/pgfcoretransformations.code.tex
File: pgfcoretransformations.code.tex 2023-01-15 v3.1.10 (3.1.10)
\pgf@pt@x=\dimen301
\pgf@pt@y=\dimen302
\pgf@pt@temp=\dimen303
) (/usr/share/texlive/texmf-dist/tex/generic/pgf/basiclayer/pgfcorequick.code.tex
File: pgfcorequick.code.tex 2023-01-15 v3.1.10 (3.1.10)
) (/usr/share/texlive/texmf-dist/tex/generic/pgf/basiclayer/pgfcoreobjects.code.tex
File: pgfcoreobjects.code.tex 2023-01-15 v3.1.10 (3.1.10)
) (/usr/share/texlive/texmf-dist/tex/generic/pgf/basiclayer/pgfcorepathprocessing.code.tex
File: pgfcorepathprocessing.code.tex 2023-01-15 v3.1.10 (3.1.10)
) (/usr/share/texlive/texmf-dist/tex/generic/pgf/basiclayer/pgfcorearrows.code.tex
File: pgfcorearrows.code.tex 2023-01-15 v3.1.10 (3.1.10)
\pgfarrowsep=\dimen304
) (/usr/share/texlive/texmf-dist/tex/generic/pgf/basiclayer/pgfcoreshade.code.tex
File: pgfcoreshade.code.tex 2023-01-15 v3.1.10 (3.1.10)
\pgf@max=\dimen305
\pgf@sys@shading@range@num=\count345
\pgf@shadingcount=\count346
) (/usr/share/texlive/texmf-dist/tex/generic/pgf/basiclayer/pgfcoreimage.code.tex
File: pgfcoreimage.code.tex 2023-01-15 v3.1.10 (3.1.10)
) (/usr/share/texlive/texmf-dist/tex/generic/pgf/basiclayer/pgfcoreexternal.code.tex
File: pgfcoreexternal.code.tex 2023-01-15 v3.1.10 (3.1.10)
\pgfexternal@startupbox=\box118
) (/usr/share/texlive/texmf-dist/tex/generic/pgf/basiclayer/pgfcorelayers.code.tex
File: pgfcorelayers.code.tex 2023-01-15 v3.1.10 (3.1.10)
) (/usr/share/texlive/texmf-dist/tex/generic/pgf/basiclayer/pgfcoretransparency.code.tex
File: pgfcoretransparency.code.tex 2023-01-15 v3.1.10 (3.1.10)
) (/usr/share/texlive/texmf-dist/tex/generic/pgf/basiclayer/pgfcorepatterns.code.tex
File: pgfcorepatterns.code.tex 2023-01-15 v3.1.10 (3.1.10)
) (/usr/share/texlive/texmf-dist/tex/generic/pgf/basiclayer/pgfcorerdf.code.tex
File: pgfcorerdf.code.tex 2023-01-15 v3.1.10 (3.1.10)
))) (/usr/share/texlive/texmf-dist/tex/generic/pgf/modules/pgfmoduleshapes.code.tex
File: pgfmoduleshapes.code.tex 2023-01-15 v3.1.10 (3.1.10)
\pgfnodeparttextbox=\box119
) (/usr/share/texlive/texmf-dist/tex/generic/pgf/modules/pgfmoduleplot.code.tex
File: pgfmoduleplot.code.tex 2023-01-15 v3.1.10 (3.1.10)
) (/usr/share/texlive/texmf-dist/tex/latex/pgf/compatibility/pgfcomp-version-0-65.sty
Package: pgfcomp-version-0-65 2023-01-15 v3.1.10 (3.1.10)
\pgf@nodesepstart=\dimen306
\pgf@nodesepend=\dimen307
) (/usr/share/texlive/texmf-dist/tex/latex/pgf/compatibility/pgfcomp-version-1-18.sty
Package: pgfcomp-version-1-18 2023-01-15 v3.1.10 (3.1.10)
)) (/usr/share/texlive/texmf-dist/tex/latex/pgf/utilities/pgffor.sty (/usr/share/texlive/texmf-dist/tex/latex/pgf/utilities/pgfkeys.sty (/usr/share/texlive/texmf-dist/tex/generic/pgf/utilities/pgfkeys.code.tex)) (/usr/share/texlive/texmf-dist/tex/latex/pgf/math/pgfmath.sty (/usr/share/texlive/texmf-dist/tex/generic/pgf/math/pgfmath.code.tex)) (/usr/share/texlive/texmf-dist/tex/generic/pgf/utilities/pgffor.code.tex
Package: pgffor 2023-01-15 v3.1.10 (3.1.10)
\pgffor@iter=\dimen308
\pgffor@skip=\dimen309
\pgffor@stack=\toks42
\pgffor@toks=\toks43
)) (/usr/share/texlive/texmf-dist/tex/generic/pgf/frontendlayer/tikz/tikz.code.tex
Package: tikz 2023-01-15 v3.1.10 (3.1.10)
 (/usr/share/texlive/texmf-dist/tex/generic/pgf/libraries/pgflibraryplothandlers.code.tex
File: pgflibraryplothandlers.code.tex 2023-01-15 v3.1.10 (3.1.10)
\pgf@plot@mark@count=\count347
\pgfplotmarksize=\dimen310
)
\tikz@lastx=\dimen311
\tikz@lasty=\dimen312
\tikz@lastxsaved=\dimen313
\tikz@lastysaved=\dimen314
\tikz@lastmovetox=\dimen315
\tikz@lastmovetoy=\dimen316
\tikzleveldistance=\dimen317
\tikzsiblingdistance=\dimen318
\tikz@figbox=\box120
\tikz@figbox@bg=\box121
\tikz@tempbox=\box122
\tikz@tempbox@bg=\box123
\tikztreelevel=\count348
\tikznumberofchildren=\count349
\tikznumberofcurrentchild=\count350
\tikz@fig@count=\count351
 (/usr/share/texlive/texmf-dist/tex/generic/pgf/modules/pgfmodulematrix.code.tex
File: pgfmodulematrix.code.tex 2023-01-15 v3.1.10 (3.1.10)
\pgfmatrixcurrentrow=\count352
\pgfmatrixcurrentcolumn=\count353
\pgf@matrix@numberofcolumns=\count354
)
\tikz@expandcount=\count355
 (/usr/share/texlive/texmf-dist/tex/generic/pgf/frontendlayer/tikz/libraries/tikzlibrarytopaths.code.tex
File: tikzlibrarytopaths.code.tex 2023-01-15 v3.1.10 (3.1.10)
))) (/usr/share/texlive/texmf-dist/tex/generic/pgf/frontendlayer/tikz/libraries/tikzlibrarysvg.path.code.tex
File: tikzlibrarysvg.path.code.tex 2023-01-15 v3.1.10 (3.1.10)
 (/usr/share/texlive/texmf-dist/tex/generic/pgf/libraries/pgflibrarysvg.path.code.tex
File: pgflibrarysvg.path.code.tex 2023-01-15 v3.1.10 (3.1.10)
 (/usr/share/texlive/texmf-dist/tex/generic/pgf/modules/pgfmoduleparser.code.tex
File: pgfmoduleparser.code.tex 2023-01-15 v3.1.10 (3.1.10)
\pgfparserdef@arg@count=\count356
)
\pgf@lib@svg@last@x=\dimen319
\pgf@lib@svg@last@y=\dimen320
\pgf@lib@svg@last@c@x=\dimen321
\pgf@lib@svg@last@c@y=\dimen322
\pgf@lib@svg@count=\count357
\pgf@lib@svg@max@num=\count358
))
\@curXheight=\skip69
) (./main.aux)
\openout1 = main.aux

LaTeX Font Info:    Checking defaults for OML/cmm/m/it on input line 27.
LaTeX Font Info:    ... okay on input line 27.
LaTeX Font Info:    Checking defaults for OMS/cmsy/m/n on input line 27.
LaTeX Font Info:    ... okay on input line 27.
LaTeX Font Info:    Checking defaults for OT1/cmr/m/n on input line 27.
LaTeX Font Info:    ... okay on input line 27.
LaTeX Font Info:    Checking defaults for T1/cmr/m/n on input line 27.
LaTeX Font Info:    ... okay on input line 27.
LaTeX Font Info:    Checking defaults for TS1/cmr/m/n on input line 27.
LaTeX Font Info:    ... okay on input line 27.
LaTeX Font Info:    Checking defaults for TU/lmr/m/n on input line 27.
LaTeX Font Info:    ... okay on input line 27.
LaTeX Font Info:    Checking defaults for OMX/cmex/m/n on input line 27.
LaTeX Font Info:    ... okay on input line 27.
LaTeX Font Info:    Checking defaults for U/cmr/m/n on input line 27.
LaTeX Font Info:    ... okay on input line 27.
LaTeX Font Info:    Checking defaults for PD1/pdf/m/n on input line 27.
LaTeX Font Info:    ... okay on input line 27.
LaTeX Font Info:    Checking defaults for PU/pdf/m/n on input line 27.
LaTeX Font Info:    ... okay on input line 27.

-- Lines per column: 56 (exact).
(/usr/share/texlive/texmf-dist/tex/context/base/mkii/supp-pdf.mkii
[Loading MPS to PDF converter (version 2006.09.02).]
\scratchcounter=\count359
\scratchdimen=\dimen323
\scratchbox=\box124
\nofMPsegments=\count360
\nofMParguments=\count361
\everyMPshowfont=\toks44
\MPscratchCnt=\count362
\MPscratchDim=\dimen324
\MPnumerator=\count363
\makeMPintoPDFobject=\count364
\everyMPtoPDFconversion=\toks45
) (/usr/share/texlive/texmf-dist/tex/latex/epstopdf-pkg/epstopdf-base.sty
Package: epstopdf-base 2020-01-24 v2.11 Base part for package epstopdf
Package epstopdf-base Info: Redefining graphics rule for `.eps' on input line 485.
 (/usr/share/texlive/texmf-dist/tex/latex/latexconfig/epstopdf-sys.cfg
File: epstopdf-sys.cfg 2010/07/13 v1.3 Configuration of (r)epstopdf for TeX Live
))
Package hyperref Info: Link coloring ON on input line 27.
 (./main.out) (./main.out)
\@outlinefile=\write4

\openout4 = main.out
 (./chapters/introduction.tex
LaTeX Font Info:    Trying to load font information for U+msa on input line 23.
 (/usr/share/texlive/texmf-dist/tex/latex/amsfonts/umsa.fd
File: umsa.fd 2013/01/14 v3.01 AMS symbols A
)
LaTeX Font Info:    Trying to load font information for U+msb on input line 23.
 (/usr/share/texlive/texmf-dist/tex/latex/amsfonts/umsb.fd
File: umsb.fd 2013/01/14 v3.01 AMS symbols B
)

) (./chapters/problem.tex

[1
Non-PDF special ignored!{/var/lib/texmf/fonts/map/pdftex/updmap/pdftex.map}


]) (./chapters/algorithms/common.tex (./chapters/algorithms/randomized.tex
Underfull \hbox (badness 5622) in paragraph at lines 10--14
 \T1/ptm/m/it/10 1) Ran-dom Con-struc-tion: [][][]\T1/ptm/m/n/10 The Ran-dom Con-struc-tion
 []

Package hyperref Info: bookmark level for unknown algorithm defaults to 0 on input line 16.




[2]
Overfull \hbox (4.25471pt too wide) in paragraph at lines 220--231
 [][] 
 []

) (./chapters/algorithms/reduction.tex
Underfull \hbox (badness 2689) in paragraph at lines 11--13
 \T1/ptm/m/it/10 1) MW-CRedu: Graph Re-duc-tion Pre-pro-cess-ing: [][][]\T1/ptm/m/n/10 MW-
 []




Underfull \hbox (badness 2261) in paragraph at lines 58--94
 \T1/ptm/m/it/10 2) Max-CliqueWeight: Branch-and-Bound with Col-or-ing
 []


Underfull \hbox (badness 4316) in paragraph at lines 58--94
\T1/ptm/m/it/10 Bounds: [][][]\T1/ptm/m/n/10 Max-CliqueWeight uses branch-and-bound with
 []



[3]) (./chapters/algorithms/exact.tex


Underfull \hbox (badness 2689) in paragraph at lines 64--66
 \T1/ptm/m/it/10 2) TSM-MWC: Two-Stage MaxSAT for MWC: [][][]\T1/ptm/m/n/10 TSM-
 []


Underfull \hbox (badness 10000) in paragraph at lines 93--93
[] $\OML/cmm/m/it/8 UB[]; partition \OMS/cmsy/m/n/8  $ \T1/ptm/m/sc/8 Bi-na-ry-MaxSAT-
 []


Underfull \hbox (badness 10000) in paragraph at lines 93--93
[] $\OML/cmm/m/it/8 UB[] \OMS/cmsy/m/n/8  $ \T1/ptm/m/sc/8 Or-dered-MaxSAT-Bound\T1/ptm/m/n/8 ($\OML/cmm/m/it/8 candidates$\T1/ptm/m/n/8 ,
 []

) (./chapters/algorithms/heuristics.tex
Underfull \hbox (badness 10000) in paragraph at lines 39--41
[]\T1/ptm/m/n/10 The BMS con-struc-tion se-lects ver-tices based on:
 []



[4]
Underfull \hbox (badness 2012) in paragraph at lines 47--49
 \T1/ptm/m/it/10 2) SC-CWalk: Lo-cal Search with Strong Con-fig-u-ra-tion
 []


Overfull \hbox (4.38245pt too wide) in paragraph at lines 116--125
 [][] 
 []

)) (./chapters/results.tex



[5]
<plots/summary/all_algorithms_time.png, id=435, 1002.6258pt x 568.524pt>
File: plots/summary/all_algorithms_time.png Graphic file (type png)
<use plots/summary/all_algorithms_time.png>
Package luatex.def Info: plots/summary/all_algorithms_time.png  used on input line 107.
(luatex.def)             Requested size: 226.79846pt x 128.5977pt.
<plots/individual/random_construction_time.png, id=437, 713.5458pt x 423.984pt>
File: plots/individual/random_construction_time.png Graphic file (type png)
<use plots/individual/random_construction_time.png>
Package luatex.def Info: plots/individual/random_construction_time.png  used on input line 120.
(luatex.def)             Requested size: 123.84283pt x 73.5837pt.
<plots/individual/monte_carlo_time.png, id=438, 713.5458pt x 423.984pt>
File: plots/individual/monte_carlo_time.png Graphic file (type png)
<use plots/individual/monte_carlo_time.png>
Package luatex.def Info: plots/individual/monte_carlo_time.png  used on input line 124.
(luatex.def)             Requested size: 123.84283pt x 73.5837pt.
<plots/individual/las_vegas_time.png, id=439, 713.5458pt x 423.984pt>
File: plots/individual/las_vegas_time.png Graphic file (type png)
<use plots/individual/las_vegas_time.png>
Package luatex.def Info: plots/individual/las_vegas_time.png  used on input line 133.
(luatex.def)             Requested size: 123.84283pt x 73.5837pt.
<plots/individual/random_greedy_hybrid_time.png, id=440, 713.5458pt x 423.984pt>
File: plots/individual/random_greedy_hybrid_time.png Graphic file (type png)
<use plots/individual/random_greedy_hybrid_time.png>
Package luatex.def Info: plots/individual/random_greedy_hybrid_time.png  used on input line 137.
(luatex.def)             Requested size: 123.84283pt x 73.5837pt.
<plots/individual/wlmc_time.png, id=441, 713.5458pt x 423.984pt>
File: plots/individual/wlmc_time.png Graphic file (type png)
<use plots/individual/wlmc_time.png>
Package luatex.def Info: plots/individual/wlmc_time.png  used on input line 148.
(luatex.def)             Requested size: 123.84283pt x 73.5837pt.
<plots/individual/tsm_mwc_time.png, id=442, 713.5458pt x 423.984pt>
File: plots/individual/tsm_mwc_time.png Graphic file (type png)
<use plots/individual/tsm_mwc_time.png>
Package luatex.def Info: plots/individual/tsm_mwc_time.png  used on input line 152.
(luatex.def)             Requested size: 123.84283pt x 73.5837pt.
<plots/summary/all_algorithms_operations.png, id=444, 1002.6258pt x 568.524pt>
File: plots/summary/all_algorithms_operations.png Graphic file (type png)
<use plots/summary/all_algorithms_operations.png>
Package luatex.def Info: plots/summary/all_algorithms_operations.png  used on input line 166.
(luatex.def)             Requested size: 226.79846pt x 128.5977pt.


<plots/individual/random_construction_operations.png, id=445, 713.5458pt x 423.984pt>
File: plots/individual/random_construction_operations.png Graphic file (type png)
<use plots/individual/random_construction_operations.png>
Package luatex.def Info: plots/individual/random_construction_operations.png  used on input line 177.
(luatex.def)             Requested size: 123.84283pt x 73.5837pt.
<plots/individual/mwc_redu_operations.png, id=446, 713.5458pt x 423.984pt>
File: plots/individual/mwc_redu_operations.png Graphic file (type png)
<use plots/individual/mwc_redu_operations.png>
Package luatex.def Info: plots/individual/mwc_redu_operations.png  used on input line 181.
(luatex.def)             Requested size: 123.84283pt x 73.5837pt.


[6<./plots/summary/all_algorithms_time.png><./plots/individual/random_construction_time.png><./plots/individual/monte_carlo_time.png><./plots/individual/las_vegas_time.png><./plots/individual/random_greedy_hybrid_time.png><./plots/individual/wlmc_time.png><./plots/individual/tsm_mwc_time.png><./plots/summary/all_algorithms_operations.png><./plots/individual/random_construction_operations.png><./plots/individual/mwc_redu_operations.png>]
<plots/individual/fast_wclq_time_large.png, id=473, 713.5458pt x 423.984pt>
File: plots/individual/fast_wclq_time_large.png Graphic file (type png)
<use plots/individual/fast_wclq_time_large.png>
Package luatex.def Info: plots/individual/fast_wclq_time_large.png  used on input line 240.
(luatex.def)             Requested size: 77.39685pt x 45.98495pt.
<plots/individual/las_vegas_time_large.png, id=474, 713.5458pt x 423.984pt>
File: plots/individual/las_vegas_time_large.png Graphic file (type png)
<use plots/individual/las_vegas_time_large.png>
Package luatex.def Info: plots/individual/las_vegas_time_large.png  used on input line 244.
(luatex.def)             Requested size: 77.39685pt x 45.98495pt.
<plots/individual/random_greedy_hybrid_time_large.png, id=475, 713.5458pt x 423.984pt>
File: plots/individual/random_greedy_hybrid_time_large.png Graphic file (type png)
<use plots/individual/random_greedy_hybrid_time_large.png>
Package luatex.def Info: plots/individual/random_greedy_hybrid_time_large.png  used on input line 248.
(luatex.def)             Requested size: 77.39685pt x 45.98495pt.
<plots/individual/fast_wclq_operations_large.png, id=477, 714.0276pt x 423.984pt>
File: plots/individual/fast_wclq_operations_large.png Graphic file (type png)
<use plots/individual/fast_wclq_operations_large.png>
Package luatex.def Info: plots/individual/fast_wclq_operations_large.png  used on input line 287.
(luatex.def)             Requested size: 77.39685pt x 45.9526pt.
<plots/individual/las_vegas_operations_large.png, id=478, 713.5458pt x 423.984pt>
File: plots/individual/las_vegas_operations_large.png Graphic file (type png)
<use plots/individual/las_vegas_operations_large.png>
Package luatex.def Info: plots/individual/las_vegas_operations_large.png  used on input line 291.
(luatex.def)             Requested size: 77.39685pt x 45.98495pt.
<plots/individual/random_greedy_hybrid_operations_large.png, id=479, 713.5458pt x 423.984pt>
File: plots/individual/random_greedy_hybrid_operations_large.png Graphic file (type png)
<use plots/individual/random_greedy_hybrid_operations_large.png>
Package luatex.def Info: plots/individual/random_greedy_hybrid_operations_large.png  used on input line 295.
(luatex.def)             Requested size: 77.39685pt x 45.98495pt.



Underfull \hbox (badness 10000) in paragraph at lines 314--319
[]\T1/ptm/b/n/10 Fast-WCLQ \T1/ptm/m/n/10 shows the high-est op-er-a-tion counts
 []


Underfull \hbox (badness 1490) in paragraph at lines 314--319
\T1/ptm/m/n/10 ($\OT1/cmr/m/n/10 10[]$\T1/ptm/m/n/10 --$\OT1/cmr/m/n/10 10[]$\T1/ptm/m/n/10 ) on dense graphs, as the BMS con-struc-tion
 []

<plots/quality/precision_summary.png, id=481, 858.5676pt x 424.4658pt>
File: plots/quality/precision_summary.png Graphic file (type png)
<use plots/quality/precision_summary.png>
Package luatex.def Info: plots/quality/precision_summary.png  used on input line 371.
(luatex.def)             Requested size: 226.79846pt x 112.12666pt.
<plots/quality/precision_by_density.png, id=482, 1004.0712pt x 710.655pt>
File: plots/quality/precision_by_density.png Graphic file (type png)
<use plots/quality/precision_by_density.png>
Package luatex.def Info: plots/quality/precision_by_density.png  used on input line 379.
(luatex.def)             Requested size: 123.84283pt x 87.64969pt.
<plots/quality/precision_vs_size.png, id=483, 1001.6622pt x 568.524pt>
File: plots/quality/precision_vs_size.png Graphic file (type png)
<use plots/quality/precision_vs_size.png>
Package luatex.def Info: plots/quality/precision_vs_size.png  used on input line 384.
(luatex.def)             Requested size: 123.84283pt x 70.28458pt.


[7<./plots/individual/fast_wclq_time_large.png><./plots/individual/las_vegas_time_large.png><./plots/individual/random_greedy_hybrid_time_large.png><./plots/individual/fast_wclq_operations_large.png><./plots/individual/las_vegas_operations_large.png><./plots/individual/random_greedy_hybrid_operations_large.png><./plots/quality/precision_summary.png>]
LaTeX Font Info:    Trying to load font information for T1+pcr on input line 395.
 (/usr/share/texlive/texmf-dist/tex/latex/psnfss/t1pcr.fd
File: t1pcr.fd 2001/06/04 font definitions for T1/pcr.
)) (./chapters/discussion.tex


Underfull \hbox (badness 10000) in paragraph at lines 83--84
[]\T1/ptm/b/n/10 Large dense graphs: \T1/ptm/m/n/10 Con-sider
 []



[8<./plots/quality/precision_by_density.png><./plots/quality/precision_vs_size.png>]
Underfull \hbox (badness 1354) in paragraph at lines 172--174
[]\T1/ptm/m/n/10 where $\OML/cmm/m/it/10 c$ \T1/ptm/m/n/10 must be de-ter-mined ex-per-i-men-tally for each
 []




Underfull \hbox (badness 10000) in paragraph at lines 222--223
[]\T1/ptm/b/n/10 De-fault choice: \T1/ptm/m/n/10 Use \T1/pcr/m/n/10 fast_wclq \T1/ptm/m/n/10 for most
 []

) (./chapters/conclusion.tex

[9]
Underfull \hbox (badness 1852) in paragraph at lines 57--58
[]\T1/ptm/b/n/10 Struc-tured graphs: \T1/ptm/m/n/10 Test-ing on application-specific
 []



) (./main.bbl) (./chapters/appendix.tex
<plots/pairwise/random_construction_vs_random_greedy_hybrid_time_line.png, id=548, 713.5458pt x 423.984pt>
File: plots/pairwise/random_construction_vs_random_greedy_hybrid_time_line.png Graphic file (type png)
<use plots/pairwise/random_construction_vs_random_greedy_hybrid_time_line.png>
Package luatex.def Info: plots/pairwise/random_construction_vs_random_greedy_hybrid_time_line.png  used on input line 17.
(luatex.def)             Requested size: 123.84283pt x 73.5837pt.
<plots/pairwise/random_construction_vs_random_greedy_hybrid_operations_line.png, id=549, 713.5458pt x 423.984pt>
File: plots/pairwise/random_construction_vs_random_greedy_hybrid_operations_line.png Graphic file (type png)
<use plots/pairwise/random_construction_vs_random_greedy_hybrid_operations_line.png>
Package luatex.def Info: plots/pairwise/random_construction_vs_random_greedy_hybrid_operations_line.png  used on input line 21.
(luatex.def)             Requested size: 123.84283pt x 73.5837pt.


[10]
<plots/pairwise/iterative_random_search_vs_monte_carlo_time_line.png, id=577, 713.5458pt x 423.984pt>
File: plots/pairwise/iterative_random_search_vs_monte_carlo_time_line.png Graphic file (type png)
<use plots/pairwise/iterative_random_search_vs_monte_carlo_time_line.png>
Package luatex.def Info: plots/pairwise/iterative_random_search_vs_monte_carlo_time_line.png  used on input line 30.
(luatex.def)             Requested size: 123.84283pt x 73.5837pt.
<plots/pairwise/iterative_random_search_vs_monte_carlo_operations_line.png, id=578, 713.5458pt x 423.984pt>
File: plots/pairwise/iterative_random_search_vs_monte_carlo_operations_line.png Graphic file (type png)
<use plots/pairwise/iterative_random_search_vs_monte_carlo_operations_line.png>
Package luatex.def Info: plots/pairwise/iterative_random_search_vs_monte_carlo_operations_line.png  used on input line 34.
(luatex.def)             Requested size: 123.84283pt x 73.5837pt.
<plots/pairwise/monte_carlo_vs_las_vegas_time_line.png, id=579, 713.5458pt x 423.984pt>
File: plots/pairwise/monte_carlo_vs_las_vegas_time_line.png Graphic file (type png)
<use plots/pairwise/monte_carlo_vs_las_vegas_time_line.png>
Package luatex.def Info: plots/pairwise/monte_carlo_vs_las_vegas_time_line.png  used on input line 43.
(luatex.def)             Requested size: 123.84283pt x 73.5837pt.
<plots/pairwise/monte_carlo_vs_las_vegas_operations_line.png, id=580, 713.5458pt x 423.984pt>
File: plots/pairwise/monte_carlo_vs_las_vegas_operations_line.png Graphic file (type png)
<use plots/pairwise/monte_carlo_vs_las_vegas_operations_line.png>
Package luatex.def Info: plots/pairwise/monte_carlo_vs_las_vegas_operations_line.png  used on input line 47.
(luatex.def)             Requested size: 123.84283pt x 73.5837pt.
<plots/pairwise/exhaustive_vs_wlmc_time_line.png, id=581, 713.5458pt x 423.984pt>
File: plots/pairwise/exhaustive_vs_wlmc_time_line.png Graphic file (type png)
<use plots/pairwise/exhaustive_vs_wlmc_time_line.png>
Package luatex.def Info: plots/pairwise/exhaustive_vs_wlmc_time_line.png  used on input line 59.
(luatex.def)             Requested size: 123.84283pt x 73.5837pt.
<plots/pairwise/exhaustive_vs_wlmc_operations_line.png, id=582, 713.5458pt x 423.984pt>
File: plots/pairwise/exhaustive_vs_wlmc_operations_line.png Graphic file (type png)
<use plots/pairwise/exhaustive_vs_wlmc_operations_line.png>
Package luatex.def Info: plots/pairwise/exhaustive_vs_wlmc_operations_line.png  used on input line 63.
(luatex.def)             Requested size: 123.84283pt x 73.5837pt.
<plots/pairwise/wlmc_vs_tsm_mwc_time_line.png, id=583, 713.5458pt x 423.984pt>
File: plots/pairwise/wlmc_vs_tsm_mwc_time_line.png Graphic file (type png)
<use plots/pairwise/wlmc_vs_tsm_mwc_time_line.png>
Package luatex.def Info: plots/pairwise/wlmc_vs_tsm_mwc_time_line.png  used on input line 72.
(luatex.def)             Requested size: 123.84283pt x 73.5837pt.
<plots/pairwise/wlmc_vs_tsm_mwc_operations_line.png, id=584, 713.5458pt x 423.984pt>
File: plots/pairwise/wlmc_vs_tsm_mwc_operations_line.png Graphic file (type png)
<use plots/pairwise/wlmc_vs_tsm_mwc_operations_line.png>
Package luatex.def Info: plots/pairwise/wlmc_vs_tsm_mwc_operations_line.png  used on input line 76.
(luatex.def)             Requested size: 123.84283pt x 73.5837pt.
<plots/pairwise/exhaustive_vs_greedy_time_line.png, id=585, 713.5458pt x 423.984pt>
File: plots/pairwise/exhaustive_vs_greedy_time_line.png Graphic file (type png)
<use plots/pairwise/exhaustive_vs_greedy_time_line.png>
Package luatex.def Info: plots/pairwise/exhaustive_vs_greedy_time_line.png  used on input line 85.
(luatex.def)             Requested size: 123.84283pt x 73.5837pt.
<plots/pairwise/exhaustive_vs_greedy_operations_line.png, id=586, 713.5458pt x 423.984pt>
File: plots/pairwise/exhaustive_vs_greedy_operations_line.png Graphic file (type png)
<use plots/pairwise/exhaustive_vs_greedy_operations_line.png>
Package luatex.def Info: plots/pairwise/exhaustive_vs_greedy_operations_line.png  used on input line 89.
(luatex.def)             Requested size: 123.84283pt x 73.5837pt.

Underfull \vbox (badness 2237) has occurred while \output is active []



<plots/pairwise/exhaustive_vs_mwc_redu_time_line.png, id=587, 713.5458pt x 423.984pt>
File: plots/pairwise/exhaustive_vs_mwc_redu_time_line.png Graphic file (type png)
<use plots/pairwise/exhaustive_vs_mwc_redu_time_line.png>
Package luatex.def Info: plots/pairwise/exhaustive_vs_mwc_redu_time_line.png  used on input line 101.
(luatex.def)             Requested size: 123.84283pt x 73.5837pt.
<plots/pairwise/exhaustive_vs_mwc_redu_operations_line.png, id=588, 713.5458pt x 423.984pt>
File: plots/pairwise/exhaustive_vs_mwc_redu_operations_line.png Graphic file (type png)
<use plots/pairwise/exhaustive_vs_mwc_redu_operations_line.png>
Package luatex.def Info: plots/pairwise/exhaustive_vs_mwc_redu_operations_line.png  used on input line 105.
(luatex.def)             Requested size: 123.84283pt x 73.5837pt.
<plots/pairwise/mwc_redu_vs_greedy_time_line.png, id=589, 713.5458pt x 423.984pt>
File: plots/pairwise/mwc_redu_vs_greedy_time_line.png Graphic file (type png)
<use plots/pairwise/mwc_redu_vs_greedy_time_line.png>
Package luatex.def Info: plots/pairwise/mwc_redu_vs_greedy_time_line.png  used on input line 114.
(luatex.def)             Requested size: 123.84283pt x 73.5837pt.
<plots/pairwise/mwc_redu_vs_greedy_operations_line.png, id=590, 713.5458pt x 423.984pt>
File: plots/pairwise/mwc_redu_vs_greedy_operations_line.png Graphic file (type png)
<use plots/pairwise/mwc_redu_vs_greedy_operations_line.png>
Package luatex.def Info: plots/pairwise/mwc_redu_vs_greedy_operations_line.png  used on input line 118.
(luatex.def)             Requested size: 123.84283pt x 73.5837pt.
<plots/pairwise/mwc_redu_vs_max_clique_weight_time_line.png, id=591, 713.5458pt x 423.984pt>
File: plots/pairwise/mwc_redu_vs_max_clique_weight_time_line.png Graphic file (type png)
<use plots/pairwise/mwc_redu_vs_max_clique_weight_time_line.png>
Package luatex.def Info: plots/pairwise/mwc_redu_vs_max_clique_weight_time_line.png  used on input line 127.
(luatex.def)             Requested size: 123.84283pt x 73.5837pt.
<plots/pairwise/mwc_redu_vs_max_clique_weight_operations_line.png, id=592, 713.5458pt x 423.984pt>
File: plots/pairwise/mwc_redu_vs_max_clique_weight_operations_line.png Graphic file (type png)
<use plots/pairwise/mwc_redu_vs_max_clique_weight_operations_line.png>
Package luatex.def Info: plots/pairwise/mwc_redu_vs_max_clique_weight_operations_line.png  used on input line 131.
(luatex.def)             Requested size: 123.84283pt x 73.5837pt.
<plots/pairwise/max_clique_weight_vs_max_clique_dyn_weight_time_line.png, id=593, 713.5458pt x 423.984pt>
File: plots/pairwise/max_clique_weight_vs_max_clique_dyn_weight_time_line.png Graphic file (type png)
<use plots/pairwise/max_clique_weight_vs_max_clique_dyn_weight_time_line.png>
Package luatex.def Info: plots/pairwise/max_clique_weight_vs_max_clique_dyn_weight_time_line.png  used on input line 140.
(luatex.def)             Requested size: 123.84283pt x 73.5837pt.
<plots/pairwise/max_clique_weight_vs_max_clique_dyn_weight_operations_line.png, id=594, 713.5458pt x 423.984pt>
File: plots/pairwise/max_clique_weight_vs_max_clique_dyn_weight_operations_line.png Graphic file (type png)
<use plots/pairwise/max_clique_weight_vs_max_clique_dyn_weight_operations_line.png>
Package luatex.def Info: plots/pairwise/max_clique_weight_vs_max_clique_dyn_weight_operations_line.png  used on input line 144.
(luatex.def)             Requested size: 123.84283pt x 73.5837pt.
<plots/pairwise/greedy_vs_fast_wclq_time_line.png, id=595, 713.5458pt x 423.984pt>
File: plots/pairwise/greedy_vs_fast_wclq_time_line.png Graphic file (type png)
<use plots/pairwise/greedy_vs_fast_wclq_time_line.png>
Package luatex.def Info: plots/pairwise/greedy_vs_fast_wclq_time_line.png  used on input line 156.
(luatex.def)             Requested size: 123.84283pt x 73.5837pt.
<plots/pairwise/greedy_vs_fast_wclq_operations_line.png, id=596, 713.5458pt x 423.984pt>
File: plots/pairwise/greedy_vs_fast_wclq_operations_line.png Graphic file (type png)
<use plots/pairwise/greedy_vs_fast_wclq_operations_line.png>
Package luatex.def Info: plots/pairwise/greedy_vs_fast_wclq_operations_line.png  used on input line 160.
(luatex.def)             Requested size: 123.84283pt x 73.5837pt.
<plots/pairwise/greedy_vs_random_greedy_hybrid_time_line.png, id=597, 713.5458pt x 423.984pt>
File: plots/pairwise/greedy_vs_random_greedy_hybrid_time_line.png Graphic file (type png)
<use plots/pairwise/greedy_vs_random_greedy_hybrid_time_line.png>
Package luatex.def Info: plots/pairwise/greedy_vs_random_greedy_hybrid_time_line.png  used on input line 169.
(luatex.def)             Requested size: 123.84283pt x 73.5837pt.
<plots/pairwise/greedy_vs_random_greedy_hybrid_operations_line.png, id=598, 713.5458pt x 423.984pt>
File: plots/pairwise/greedy_vs_random_greedy_hybrid_operations_line.png Graphic file (type png)
<use plots/pairwise/greedy_vs_random_greedy_hybrid_operations_line.png>
Package luatex.def Info: plots/pairwise/greedy_vs_random_greedy_hybrid_operations_line.png  used on input line 173.
(luatex.def)             Requested size: 123.84283pt x 73.5837pt.


[11<./plots/pairwise/random_construction_vs_random_greedy_hybrid_time_line.png><./plots/pairwise/random_construction_vs_random_greedy_hybrid_operations_line.png><./plots/pairwise/iterative_random_search_vs_monte_carlo_time_line.png><./plots/pairwise/iterative_random_search_vs_monte_carlo_operations_line.png><./plots/pairwise/monte_carlo_vs_las_vegas_time_line.png><./plots/pairwise/monte_carlo_vs_las_vegas_operations_line.png><./plots/pairwise/exhaustive_vs_wlmc_time_line.png><./plots/pairwise/exhaustive_vs_wlmc_operations_line.png><./plots/pairwise/wlmc_vs_tsm_mwc_time_line.png><./plots/pairwise/wlmc_vs_tsm_mwc_operations_line.png><./plots/pairwise/exhaustive_vs_greedy_time_line.png><./plots/pairwise/exhaustive_vs_greedy_operations_line.png><./plots/pairwise/exhaustive_vs_mwc_redu_time_line.png><./plots/pairwise/exhaustive_vs_mwc_redu_operations_line.png><./plots/pairwise/mwc_redu_vs_greedy_time_line.png><./plots/pairwise/mwc_redu_vs_greedy_operations_line.png><./plots/pairwise/mwc_redu_vs_max_clique_weight_time_line.png><./plots/pairwise/mwc_redu_vs_max_clique_weight_operations_line.png><./plots/pairwise/max_clique_weight_vs_max_clique_dyn_weight_time_line.png><./plots/pairwise/max_clique_weight_vs_max_clique_dyn_weight_operations_line.png><./plots/pairwise/greedy_vs_fast_wclq_time_line.png><./plots/pairwise/greedy_vs_fast_wclq_operations_line.png>]
<plots/pairwise/fast_wclq_vs_scc_walk_time_line.png, id=637, 713.5458pt x 423.984pt>
File: plots/pairwise/fast_wclq_vs_scc_walk_time_line.png Graphic file (type png)
<use plots/pairwise/fast_wclq_vs_scc_walk_time_line.png>
Package luatex.def Info: plots/pairwise/fast_wclq_vs_scc_walk_time_line.png  used on input line 182.
(luatex.def)             Requested size: 123.84283pt x 73.5837pt.
<plots/pairwise/fast_wclq_vs_scc_walk_operations_line.png, id=638, 713.5458pt x 423.984pt>
File: plots/pairwise/fast_wclq_vs_scc_walk_operations_line.png Graphic file (type png)
<use plots/pairwise/fast_wclq_vs_scc_walk_operations_line.png>
Package luatex.def Info: plots/pairwise/fast_wclq_vs_scc_walk_operations_line.png  used on input line 186.
(luatex.def)             Requested size: 123.84283pt x 73.5837pt.
<plots/pairwise/fast_wclq_vs_mwc_peel_time_line.png, id=639, 713.5458pt x 423.984pt>
File: plots/pairwise/fast_wclq_vs_mwc_peel_time_line.png Graphic file (type png)
<use plots/pairwise/fast_wclq_vs_mwc_peel_time_line.png>
Package luatex.def Info: plots/pairwise/fast_wclq_vs_mwc_peel_time_line.png  used on input line 195.
(luatex.def)             Requested size: 123.84283pt x 73.5837pt.
<plots/pairwise/fast_wclq_vs_mwc_peel_operations_line.png, id=640, 713.5458pt x 423.984pt>
File: plots/pairwise/fast_wclq_vs_mwc_peel_operations_line.png Graphic file (type png)
<use plots/pairwise/fast_wclq_vs_mwc_peel_operations_line.png>
Package luatex.def Info: plots/pairwise/fast_wclq_vs_mwc_peel_operations_line.png  used on input line 199.
(luatex.def)             Requested size: 123.84283pt x 73.5837pt.
<plots/pairwise/greedy_vs_mwc_peel_time_line.png, id=641, 713.5458pt x 423.984pt>
File: plots/pairwise/greedy_vs_mwc_peel_time_line.png Graphic file (type png)
<use plots/pairwise/greedy_vs_mwc_peel_time_line.png>
Package luatex.def Info: plots/pairwise/greedy_vs_mwc_peel_time_line.png  used on input line 208.
(luatex.def)             Requested size: 123.84283pt x 73.5837pt.
<plots/pairwise/greedy_vs_mwc_peel_operations_line.png, id=642, 713.5458pt x 423.984pt>
File: plots/pairwise/greedy_vs_mwc_peel_operations_line.png Graphic file (type png)
<use plots/pairwise/greedy_vs_mwc_peel_operations_line.png>
Package luatex.def Info: plots/pairwise/greedy_vs_mwc_peel_operations_line.png  used on input line 212.
(luatex.def)             Requested size: 123.84283pt x 73.5837pt.
<plots/pairwise/scc_walk_vs_mwc_peel_time_line.png, id=643, 713.5458pt x 423.984pt>
File: plots/pairwise/scc_walk_vs_mwc_peel_time_line.png Graphic file (type png)
<use plots/pairwise/scc_walk_vs_mwc_peel_time_line.png>
Package luatex.def Info: plots/pairwise/scc_walk_vs_mwc_peel_time_line.png  used on input line 221.
(luatex.def)             Requested size: 123.84283pt x 73.5837pt.
<plots/pairwise/scc_walk_vs_mwc_peel_operations_line.png, id=644, 713.5458pt x 423.984pt>
File: plots/pairwise/scc_walk_vs_mwc_peel_operations_line.png Graphic file (type png)
<use plots/pairwise/scc_walk_vs_mwc_peel_operations_line.png>
Package luatex.def Info: plots/pairwise/scc_walk_vs_mwc_peel_operations_line.png  used on input line 225.
(luatex.def)             Requested size: 123.84283pt x 73.5837pt.



Package hyperref Warning: Token not allowed in a PDF string (Unicode):
(hyperref)                removing `math shift' on input line 275.


Package hyperref Warning: Token not allowed in a PDF string (Unicode):
(hyperref)                removing `math shift' on input line 275.

)

** Conference Paper **
Before submitting the final camera ready copy, remember to:

 1. Manually equalize the lengths of two columns on the last page
 of your paper;

 2. Ensure that any PostScript and/or PDF output post-processing
 uses only Type 1 fonts and that every step in the generation
 process uses the appropriate paper size.



[12<./plots/pairwise/greedy_vs_random_greedy_hybrid_time_line.png><./plots/pairwise/greedy_vs_random_greedy_hybrid_operations_line.png><./plots/pairwise/fast_wclq_vs_scc_walk_time_line.png><./plots/pairwise/fast_wclq_vs_scc_walk_operations_line.png><./plots/pairwise/fast_wclq_vs_mwc_peel_time_line.png><./plots/pairwise/fast_wclq_vs_mwc_peel_operations_line.png><./plots/pairwise/greedy_vs_mwc_peel_time_line.png><./plots/pairwise/greedy_vs_mwc_peel_operations_line.png><./plots/pairwise/scc_walk_vs_mwc_peel_time_line.png><./plots/pairwise/scc_walk_vs_mwc_peel_operations_line.png>] [13] (./main.aux)
 ***********
LaTeX2e <2024-11-01> patch level 2
L3 programming layer <2025-01-18>
 ***********
Package rerunfilecheck Info: File `main.out' has not changed.
(rerunfilecheck)             Checksum: F2FA5EA60FCBE9190BF4D8DE2C3ADA0F;15093.
)

Here is how much of LuaTeX's memory you used:
 26298 strings out of 475512
 195340,1144653 words of node,token memory allocated
 655 words of node memory still in use:
   6 hlist, 2 vlist, 2 rule, 2 glue, 4 kern, 1 glyph, 33 attribute, 64 glue_spec, 18 attribute_list, 2 write, 5 pdf_action nodes
   avail lists: 1:1,2:3536,3:860,4:342,5:1089,6:194,7:16185,8:48,9:1330,10:22,11:1497
 48131 multiletter control sequences out of 65536+600000
 134 fonts using 9707439 bytes
 99i,12n,97p,1183b,944s stack positions out of 10000i,1000n,20000p,200000b,200000s
{/usr/share/texlive/texmf-dist/fonts/enc/dvips/base/8r.enc}</usr/share/texlive/texmf-dist/fonts/type1/public/amsfonts/cm/cmex10.pfb></usr/share/texlive/texmf-dist/fonts/type1/public/amsfonts/cm/cmmi10.pfb></usr/share/texlive/texmf-dist/fonts/type1/public/amsfonts/cm/cmmi6.pfb></usr/share/texlive/texmf-dist/fonts/type1/public/amsfonts/cm/cmmi7.pfb></usr/share/texlive/texmf-dist/fonts/type1/public/amsfonts/cm/cmmi8.pfb></usr/share/texlive/texmf-dist/fonts/type1/public/amsfonts/cm/cmr10.pfb></usr/share/texlive/texmf-dist/fonts/type1/public/amsfonts/cm/cmr6.pfb></usr/share/texlive/texmf-dist/fonts/type1/public/amsfonts/cm/cmr7.pfb></usr/share/texlive/texmf-dist/fonts/type1/public/amsfonts/cm/cmr8.pfb></usr/share/texlive/texmf-dist/fonts/type1/public/amsfonts/cm/cmsy10.pfb></usr/share/texlive/texmf-dist/fonts/type1/public/amsfonts/cm/cmsy5.pfb></usr/share/texlive/texmf-dist/fonts/type1/public/amsfonts/cm/cmsy6.pfb></usr/share/texlive/texmf-dist/fonts/type1/public/amsfonts/cm/cmsy7.pfb></usr/share/texlive/texmf-dist/fonts/type1/public/amsfonts/cm/cmsy8.pfb></usr/share/texlive/texmf-dist/fonts/type1/urw/courier/ucrr8a.pfb></usr/share/texlive/texmf-dist/fonts/type1/urw/times/utmb8a.pfb></usr/share/texlive/texmf-dist/fonts/type1/urw/times/utmbi8a.pfb></usr/share/texlive/texmf-dist/fonts/type1/urw/times/utmr8a.pfb></usr/share/texlive/texmf-dist/fonts/type1/urw/times/utmri8a.pfb>
Output written on main.pdf (13 pages, 9303142 bytes).

PDF statistics: 750 PDF objects out of 1000 (max. 8388607)
 603 compressed objects within 7 object streams
 201 named destinations out of 1000 (max. 131072)
 640 words of extra memory for PDF output out of 10000 (max. 100000000)

