\BOOKMARK [1][-]{section.1}{\376\377\000I\000n\000t\000r\000o\000d\000u\000c\000t\000i\000o\000n}{}% 1
\BOOKMARK [1][-]{section.2}{\376\377\000P\000r\000o\000b\000l\000e\000m\000\040\000\050\000R\000e\000\051\000D\000e\000f\000i\000n\000i\000t\000i\000o\000n}{}% 2
\BOOKMARK [2][-]{subsection.2.1}{\376\377\000F\000o\000r\000m\000a\000l\000\040\000D\000e\000f\000i\000n\000i\000t\000i\000o\000n}{section.2}% 3
\BOOKMARK [2][-]{subsection.2.2}{\376\377\000C\000o\000m\000p\000u\000t\000a\000t\000i\000o\000n\000a\000l\000\040\000C\000o\000m\000p\000l\000e\000x\000i\000t\000y}{section.2}% 4
\BOOKMARK [1][-]{section.3}{\376\377\000A\000l\000g\000o\000r\000i\000t\000h\000m\000s}{}% 5
\BOOKMARK [2][-]{subsection.3.1}{\376\377\000R\000a\000n\000d\000o\000m\000i\000z\000e\000d\000\040\000A\000l\000g\000o\000r\000i\000t\000h\000m\000s}{section.3}% 6
\BOOKMARK [3][-]{subsubsection.3.1.1}{\376\377\000R\000a\000n\000d\000o\000m\000\040\000C\000o\000n\000s\000t\000r\000u\000c\000t\000i\000o\000n}{subsection.3.1}% 7
\BOOKMARK [3][-]{subsubsection.3.1.2}{\376\377\000R\000a\000n\000d\000o\000m\000\040\000G\000r\000e\000e\000d\000y\000\040\000H\000y\000b\000r\000i\000d}{subsection.3.1}% 8
\BOOKMARK [3][-]{subsubsection.3.1.3}{\376\377\000I\000t\000e\000r\000a\000t\000i\000v\000e\000\040\000R\000a\000n\000d\000o\000m\000\040\000S\000e\000a\000r\000c\000h}{subsection.3.1}% 9
\BOOKMARK [3][-]{subsubsection.3.1.4}{\376\377\000M\000o\000n\000t\000e\000\040\000C\000a\000r\000l\000o\000\040\000A\000l\000g\000o\000r\000i\000t\000h\000m}{subsection.3.1}% 10
\BOOKMARK [3][-]{subsubsection.3.1.5}{\376\377\000L\000a\000s\000\040\000V\000e\000g\000a\000s\000\040\000A\000l\000g\000o\000r\000i\000t\000h\000m}{subsection.3.1}% 11
\BOOKMARK [3][-]{subsubsection.3.1.6}{\376\377\000C\000o\000m\000p\000a\000r\000i\000s\000o\000n\000\040\000o\000f\000\040\000R\000a\000n\000d\000o\000m\000i\000z\000e\000d\000\040\000A\000p\000p\000r\000o\000a\000c\000h\000e\000s}{subsection.3.1}% 12
\BOOKMARK [2][-]{subsection.3.2}{\376\377\000R\000e\000d\000u\000c\000t\000i\000o\000n\000-\000B\000a\000s\000e\000d\000\040\000A\000l\000g\000o\000r\000i\000t\000h\000m\000s}{section.3}% 13
\BOOKMARK [3][-]{subsubsection.3.2.1}{\376\377\000M\000W\000C\000R\000e\000d\000u\000:\000\040\000G\000r\000a\000p\000h\000\040\000R\000e\000d\000u\000c\000t\000i\000o\000n\000\040\000P\000r\000e\000p\000r\000o\000c\000e\000s\000s\000i\000n\000g}{subsection.3.2}% 14
\BOOKMARK [3][-]{subsubsection.3.2.2}{\376\377\000M\000a\000x\000C\000l\000i\000q\000u\000e\000W\000e\000i\000g\000h\000t\000:\000\040\000B\000r\000a\000n\000c\000h\000-\000a\000n\000d\000-\000B\000o\000u\000n\000d\000\040\000w\000i\000t\000h\000\040\000C\000o\000l\000o\000r\000i\000n\000g\000\040\000B\000o\000u\000n\000d\000s}{subsection.3.2}% 15
\BOOKMARK [3][-]{subsubsection.3.2.3}{\376\377\000M\000a\000x\000C\000l\000i\000q\000u\000e\000D\000y\000n\000W\000e\000i\000g\000h\000t\000:\000\040\000D\000y\000n\000a\000m\000i\000c\000\040\000B\000o\000u\000n\000d\000\040\000R\000e\000c\000o\000m\000p\000u\000t\000a\000t\000i\000o\000n}{subsection.3.2}% 16
\BOOKMARK [3][-]{table.2}{\376\377\000C\000o\000m\000p\000a\000r\000i\000s\000o\000n\000\040\000o\000f\000\040\000R\000e\000d\000u\000c\000t\000i\000o\000n\000\040\000A\000p\000p\000r\000o\000a\000c\000h\000e\000s}{subsection.3.2}% 17
\BOOKMARK [2][-]{subsection.3.3}{\376\377\000E\000x\000a\000c\000t\000\040\000B\000r\000a\000n\000c\000h\000-\000a\000n\000d\000-\000B\000o\000u\000n\000d\000\040\000A\000l\000g\000o\000r\000i\000t\000h\000m\000s}{section.3}% 18
\BOOKMARK [3][-]{subsubsection.3.3.1}{\376\377\000W\000L\000M\000C\000:\000\040\000W\000e\000i\000g\000h\000t\000e\000d\000\040\000L\000a\000r\000g\000e\000\040\000M\000a\000x\000i\000m\000u\000m\000\040\000C\000l\000i\000q\000u\000e}{subsection.3.3}% 19
\BOOKMARK [3][-]{subsubsection.3.3.2}{\376\377\000T\000S\000M\000-\000M\000W\000C\000:\000\040\000T\000w\000o\000-\000S\000t\000a\000g\000e\000\040\000M\000a\000x\000S\000A\000T\000\040\000f\000o\000r\000\040\000M\000W\000C}{subsection.3.3}% 20
\BOOKMARK [3][-]{subsubsection.3.3.3}{\376\377\000C\000o\000m\000p\000a\000r\000i\000s\000o\000n\000\040\000o\000f\000\040\000E\000x\000a\000c\000t\000\040\000M\000e\000t\000h\000o\000d\000s}{subsection.3.3}% 21
\BOOKMARK [2][-]{subsection.3.4}{\376\377\000A\000d\000d\000i\000t\000i\000o\000n\000a\000l\000\040\000H\000e\000u\000r\000i\000s\000t\000i\000c\000s}{section.3}% 22
\BOOKMARK [3][-]{subsubsection.3.4.1}{\376\377\000F\000a\000s\000t\000W\000C\000l\000q\000:\000\040\000S\000e\000m\000i\000-\000E\000x\000a\000c\000t\000\040\000H\000e\000u\000r\000i\000s\000t\000i\000c\000\040\000w\000i\000t\000h\000\040\000G\000r\000a\000p\000h\000\040\000R\000e\000d\000u\000c\000t\000i\000o\000n}{subsection.3.4}% 23
\BOOKMARK [3][-]{subsubsection.3.4.2}{\376\377\000S\000C\000C\000W\000a\000l\000k\000:\000\040\000L\000o\000c\000a\000l\000\040\000S\000e\000a\000r\000c\000h\000\040\000w\000i\000t\000h\000\040\000S\000t\000r\000o\000n\000g\000\040\000C\000o\000n\000f\000i\000g\000u\000r\000a\000t\000i\000o\000n\000\040\000C\000h\000e\000c\000k\000i\000n\000g}{subsection.3.4}% 24
\BOOKMARK [3][-]{subsubsection.3.4.3}{\376\377\000M\000W\000C\000P\000e\000e\000l\000:\000\040\000H\000y\000b\000r\000i\000d\000\040\000R\000e\000d\000u\000c\000t\000i\000o\000n\000\040\000w\000i\000t\000h\000\040\000P\000e\000e\000l\000i\000n\000g}{subsection.3.4}% 25
\BOOKMARK [3][-]{subsubsection.3.4.4}{\376\377\000S\000u\000m\000m\000a\000r\000y}{subsection.3.4}% 26
\BOOKMARK [1][-]{section.4}{\376\377\000E\000x\000p\000e\000r\000i\000m\000e\000n\000t\000a\000l\000\040\000R\000e\000s\000u\000l\000t\000s}{}% 27
\BOOKMARK [2][-]{subsection.4.1}{\376\377\000M\000e\000t\000h\000o\000d\000o\000l\000o\000g\000y}{section.4}% 28
\BOOKMARK [3][-]{subsubsection.4.1.1}{\376\377\000G\000e\000n\000e\000r\000a\000t\000e\000d\000\040\000G\000r\000a\000p\000h\000s}{subsection.4.1}% 29
\BOOKMARK [3][-]{subsubsection.4.1.2}{\376\377\000E\000x\000t\000e\000r\000n\000a\000l\000\040\000D\000a\000t\000a\000s\000e\000t\000s}{subsection.4.1}% 30
\BOOKMARK [3][-]{subsubsection.4.1.3}{\376\377\000E\000x\000p\000e\000r\000i\000m\000e\000n\000t\000a\000l\000\040\000S\000e\000t\000u\000p}{subsection.4.1}% 31
\BOOKMARK [3][-]{subsubsection.4.1.4}{\376\377\000M\000e\000t\000r\000i\000c\000s}{subsection.4.1}% 32
\BOOKMARK [2][-]{subsection.4.2}{\376\377\000S\000o\000l\000u\000t\000i\000o\000n\000\040\000Q\000u\000a\000l\000i\000t\000y\000\040\000C\000o\000m\000p\000a\000r\000i\000s\000o\000n}{section.4}% 33
\BOOKMARK [2][-]{subsection.4.3}{\376\377\000E\000x\000e\000c\000u\000t\000i\000o\000n\000\040\000T\000i\000m\000e\000\040\000A\000n\000a\000l\000y\000s\000i\000s}{section.4}% 34
\BOOKMARK [3][-]{figure.3}{\376\377\000R\000a\000n\000d\000o\000m\000i\000z\000e\000d\000\040\000A\000l\000g\000o\000r\000i\000t\000h\000m\000\040\000P\000e\000r\000f\000o\000r\000m\000a\000n\000c\000e}{subsection.4.3}% 35
\BOOKMARK [3][-]{figure.4}{\376\377\000E\000x\000a\000c\000t\000\040\000A\000l\000g\000o\000r\000i\000t\000h\000m\000\040\000P\000e\000r\000f\000o\000r\000m\000a\000n\000c\000e}{subsection.4.3}% 36
\BOOKMARK [2][-]{subsection.4.4}{\376\377\000O\000p\000e\000r\000a\000t\000i\000o\000n\000s\000\040\000C\000o\000u\000n\000t\000\040\000A\000n\000a\000l\000y\000s\000i\000s}{section.4}% 37
\BOOKMARK [2][-]{subsection.4.5}{\376\377\000S\000c\000a\000l\000a\000b\000i\000l\000i\000t\000y\000\040\000A\000n\000a\000l\000y\000s\000i\000s}{section.4}% 38
\BOOKMARK [3][-]{subsubsection.4.5.1}{\376\377\000L\000a\000r\000g\000e\000-\000S\000c\000a\000l\000e\000\040\000G\000r\000a\000p\000h\000\040\000E\000v\000a\000l\000u\000a\000t\000i\000o\000n}{subsection.4.5}% 39
\BOOKMARK [2][-]{subsection.4.6}{\376\377\000Q\000u\000a\000l\000i\000t\000y\000\040\000v\000s\000.\000\040\000P\000e\000r\000f\000o\000r\000m\000a\000n\000c\000e\000\040\000T\000r\000a\000d\000e\000-\000o\000f\000f}{section.4}% 40
\BOOKMARK [2][-]{subsection.4.7}{\376\377\000B\000e\000s\000t\000\040\000P\000e\000r\000f\000o\000r\000m\000e\000r\000s\000\040\000b\000y\000\040\000C\000a\000t\000e\000g\000o\000r\000y}{section.4}% 41
\BOOKMARK [1][-]{section.5}{\376\377\000D\000i\000s\000c\000u\000s\000s\000i\000o\000n}{}% 42
\BOOKMARK [2][-]{subsection.5.1}{\376\377\000T\000h\000e\000o\000r\000e\000t\000i\000c\000a\000l\000\040\000v\000s\000.\000\040\000P\000r\000a\000c\000t\000i\000c\000a\000l\000\040\000C\000o\000m\000p\000l\000e\000x\000i\000t\000y}{section.5}% 43
\BOOKMARK [3][-]{subsubsection.5.1.1}{\376\377\000R\000a\000n\000d\000o\000m\000i\000z\000e\000d\000\040\000A\000l\000g\000o\000r\000i\000t\000h\000m\000s}{subsection.5.1}% 44
\BOOKMARK [3][-]{subsubsection.5.1.2}{\376\377\000E\000x\000a\000c\000t\000\040\000A\000l\000g\000o\000r\000i\000t\000h\000m\000s}{subsection.5.1}% 45
\BOOKMARK [3][-]{subsubsection.5.1.3}{\376\377\000R\000e\000d\000u\000c\000t\000i\000o\000n\000-\000B\000a\000s\000e\000d\000\040\000A\000l\000g\000o\000r\000i\000t\000h\000m\000s}{subsection.5.1}% 46
\BOOKMARK [2][-]{subsection.5.2}{\376\377\000A\000c\000c\000u\000r\000a\000c\000y\000\040\000v\000s\000.\000\040\000S\000p\000e\000e\000d\000\040\000T\000r\000a\000d\000e\000-\000o\000f\000f\000s}{section.5}% 47
\BOOKMARK [2][-]{subsection.5.3}{\376\377\000B\000e\000s\000t\000\040\000U\000s\000e\000\040\000C\000a\000s\000e\000s}{section.5}% 48
\BOOKMARK [3][-]{subsubsection.5.3.1}{\376\377\000F\000o\000r\000\040\000O\000p\000t\000i\000m\000a\000l\000\040\000S\000o\000l\000u\000t\000i\000o\000n\000s}{subsection.5.3}% 49
\BOOKMARK [3][-]{subsubsection.5.3.2}{\376\377\000F\000o\000r\000\040\000F\000a\000s\000t\000\040\000A\000p\000p\000r\000o\000x\000i\000m\000a\000t\000e\000\040\000S\000o\000l\000u\000t\000i\000o\000n\000s}{subsection.5.3}% 50
\BOOKMARK [3][-]{subsubsection.5.3.3}{\376\377\000F\000o\000r\000\040\000R\000e\000a\000l\000-\000t\000i\000m\000e\000\040\000A\000p\000p\000l\000i\000c\000a\000t\000i\000o\000n\000s}{subsection.5.3}% 51
\BOOKMARK [2][-]{subsection.5.4}{\376\377\000E\000x\000p\000e\000r\000i\000m\000e\000n\000t\000a\000l\000\040\000v\000s\000.\000\040\000F\000o\000r\000m\000a\000l\000\040\000C\000o\000m\000p\000l\000e\000x\000i\000t\000y\000\040\000C\000o\000m\000p\000a\000r\000i\000s\000o\000n}{section.5}% 52
\BOOKMARK [3][-]{subsubsection.5.4.1}{\376\377\000M\000e\000t\000h\000o\000d\000o\000l\000o\000g\000y}{subsection.5.4}% 53
\BOOKMARK [3][-]{table.9}{\376\377\000V\000a\000l\000i\000d\000a\000t\000i\000o\000n\000\040\000R\000e\000s\000u\000l\000t\000s}{subsection.5.4}% 54
\BOOKMARK [3][-]{subsubsection.5.4.3}{\376\377\000D\000e\000v\000i\000a\000t\000i\000o\000n\000\040\000A\000n\000a\000l\000y\000s\000i\000s}{subsection.5.4}% 55
\BOOKMARK [3][-]{subsubsection.5.4.4}{\376\377\000P\000r\000a\000c\000t\000i\000c\000a\000l\000\040\000I\000m\000p\000l\000i\000c\000a\000t\000i\000o\000n\000s}{subsection.5.4}% 56
\BOOKMARK [2][-]{subsection.5.5}{\376\377\000F\000a\000i\000l\000u\000r\000e\000\040\000P\000o\000i\000n\000t\000s\000\040\000a\000n\000d\000\040\000L\000i\000m\000i\000t\000a\000t\000i\000o\000n\000s}{section.5}% 57
\BOOKMARK [3][-]{subsubsection.5.5.1}{\376\377\000A\000l\000g\000o\000r\000i\000t\000h\000m\000-\000S\000p\000e\000c\000i\000f\000i\000c\000\040\000F\000a\000i\000l\000u\000r\000e\000s}{subsection.5.5}% 58
\BOOKMARK [3][-]{subsubsection.5.5.2}{\376\377\000D\000e\000n\000s\000i\000t\000y\000-\000R\000e\000l\000a\000t\000e\000d\000\040\000F\000a\000i\000l\000u\000r\000e\000s}{subsection.5.5}% 59
\BOOKMARK [3][-]{subsubsection.5.5.3}{\376\377\000S\000i\000z\000e\000-\000R\000e\000l\000a\000t\000e\000d\000\040\000F\000a\000i\000l\000u\000r\000e\000s}{subsection.5.5}% 60
\BOOKMARK [2][-]{subsection.5.6}{\376\377\000S\000u\000r\000p\000r\000i\000s\000i\000n\000g\000\040\000R\000e\000s\000u\000l\000t\000s}{section.5}% 61
\BOOKMARK [2][-]{subsection.5.7}{\376\377\000R\000e\000c\000o\000m\000m\000e\000n\000d\000a\000t\000i\000o\000n\000s\000\040\000f\000o\000r\000\040\000P\000r\000a\000c\000t\000i\000t\000i\000o\000n\000e\000r\000s}{section.5}% 62
\BOOKMARK [1][-]{section.6}{\376\377\000C\000o\000n\000c\000l\000u\000s\000i\000o\000n}{}% 63
\BOOKMARK [2][-]{subsection.6.1}{\376\377\000S\000u\000m\000m\000a\000r\000y\000\040\000o\000f\000\040\000F\000i\000n\000d\000i\000n\000g\000s}{section.6}% 64
\BOOKMARK [2][-]{subsection.6.2}{\376\377\000B\000e\000s\000t\000\040\000A\000l\000g\000o\000r\000i\000t\000h\000m\000s\000\040\000b\000y\000\040\000S\000c\000e\000n\000a\000r\000i\000o}{section.6}% 65
\BOOKMARK [2][-]{subsection.6.3}{\376\377\000C\000o\000n\000t\000r\000i\000b\000u\000t\000i\000o\000n\000s}{section.6}% 66
\BOOKMARK [2][-]{subsection.6.4}{\376\377\000F\000u\000t\000u\000r\000e\000\040\000W\000o\000r\000k}{section.6}% 67
\BOOKMARK [2][-]{subsection.6.5}{\376\377\000F\000i\000n\000a\000l\000\040\000R\000e\000m\000a\000r\000k\000s}{section.6}% 68
\BOOKMARK [1][-]{section*.1}{\376\377\000R\000e\000f\000e\000r\000e\000n\000c\000e\000s}{}% 69
\BOOKMARK [1][-]{section*.2}{\376\377\000A\000p\000p\000e\000n\000d\000i\000x\000\040\000A\000:\000\040\000P\000a\000i\000r\000w\000i\000s\000e\000\040\000A\000l\000g\000o\000r\000i\000t\000h\000m\000\040\000C\000o\000m\000p\000a\000r\000i\000s\000o\000n\000s}{}% 70
\BOOKMARK [2][-]{subsection.Appendix.A.1}{\376\377\000R\000a\000n\000d\000o\000m\000i\000z\000e\000d\000\040\000A\000l\000g\000o\000r\000i\000t\000h\000m\000\040\000C\000o\000m\000p\000a\000r\000i\000s\000o\000n\000s}{section*.2}% 71
\BOOKMARK [2][-]{subsection.Appendix.A.2}{\376\377\000E\000x\000a\000c\000t\000\040\000A\000l\000g\000o\000r\000i\000t\000h\000m\000\040\000C\000o\000m\000p\000a\000r\000i\000s\000o\000n\000s}{section*.2}% 72
\BOOKMARK [2][-]{subsection.Appendix.A.3}{\376\377\000R\000e\000d\000u\000c\000t\000i\000o\000n\000-\000B\000a\000s\000e\000d\000\040\000A\000l\000g\000o\000r\000i\000t\000h\000m\000\040\000C\000o\000m\000p\000a\000r\000i\000s\000o\000n\000s}{section*.2}% 73
\BOOKMARK [2][-]{subsection.Appendix.A.4}{\376\377\000H\000e\000u\000r\000i\000s\000t\000i\000c\000\040\000A\000l\000g\000o\000r\000i\000t\000h\000m\000\040\000C\000o\000m\000p\000a\000r\000i\000s\000o\000n\000s}{section*.2}% 74
\BOOKMARK [1][-]{section*.3}{\376\377\000A\000p\000p\000e\000n\000d\000i\000x\000\040\000B\000:\000\040\000D\000e\000t\000a\000i\000l\000e\000d\000\040\000B\000e\000n\000c\000h\000m\000a\000r\000k\000\040\000R\000e\000s\000u\000l\000t\000s}{}% 75
\BOOKMARK [2][-]{subsection.Appendix.B.1}{\376\377\000E\000x\000h\000a\000u\000s\000t\000i\000v\000e\000\040\000S\000e\000a\000r\000c\000h\000\040\000R\000e\000f\000e\000r\000e\000n\000c\000e\000\040\000R\000e\000s\000u\000l\000t\000s}{section*.3}% 76
\BOOKMARK [2][-]{subsection.Appendix.B.2}{\376\377\000A\000l\000g\000o\000r\000i\000t\000h\000m\000\040\000P\000e\000r\000f\000o\000r\000m\000a\000n\000c\000e\000\040\000a\000t\000\040\000n\000=\0001\0000\0000}{section*.3}% 77
\BOOKMARK [2][-]{subsection.Appendix.B.3}{\376\377\000C\000o\000m\000p\000l\000e\000x\000i\000t\000y\000\040\000A\000n\000a\000l\000y\000s\000i\000s\000\040\000S\000u\000m\000m\000a\000r\000y}{section*.3}% 78
